2023-05-02 09:54:28.368 [main] DEBUG top.whf.ServerApplication - Running with Spring Boot v3.0.5, Spring v6.0.7
2023-05-02 09:54:30.684 [main] DEBUG top.whf.security.filter.AuthenticationTokenFilter - Filter 'authenticationTokenFilter' configured for use
2023-05-02 09:55:08.189 [http-nio-8080-exec-2] DEBUG top.whf.rbac.dao.SysUserDao.selectList - ==>  Preparing: SELECT id,username,password,real_name,avatar,gender,email,mobile,super_admin,status,creator,create_time,updater,update_time,deleted FROM sys_user WHERE deleted=0 AND (username = ?)
2023-05-02 09:55:08.207 [http-nio-8080-exec-2] DEBUG top.whf.rbac.dao.SysUserDao.selectList - ==> Parameters: admin(String)
2023-05-02 09:55:08.234 [http-nio-8080-exec-2] DEBUG top.whf.rbac.dao.SysUserDao.selectList - <==      Total: 1
2023-05-02 09:55:08.245 [http-nio-8080-exec-2] DEBUG top.whf.rbac.dao.SysMenuDao.getAuthorityList - ==>  Preparing: SELECT authority FROM sys_menu WHERE deleted = 0
2023-05-02 09:55:08.245 [http-nio-8080-exec-2] DEBUG top.whf.rbac.dao.SysMenuDao.getAuthorityList - ==> Parameters: 
2023-05-02 09:55:08.250 [http-nio-8080-exec-2] DEBUG top.whf.rbac.dao.SysMenuDao.getAuthorityList - <==      Total: 31
2023-05-02 09:55:08.335 [http-nio-8080-exec-2] DEBUG top.whf.rbac.dao.SysLogLoginDao.insert - ==>  Preparing: INSERT INTO sys_log_login ( username, ip, address, user_agent, status, operation, create_time ) VALUES ( ?, ?, ?, ?, ?, ?, ? )
2023-05-02 09:55:08.335 [http-nio-8080-exec-2] DEBUG top.whf.rbac.dao.SysLogLoginDao.insert - ==> Parameters: admin(String), 127.0.0.1(String), 内网IP(String), Mozilla/5.0 (Windows NT 10.0; Win64; x64) AppleWebKit/537.36 (KHTML, like Gecko) Chrome/112.0.0.0 Safari/537.36(String), 1(Integer), 0(Integer), 2023-05-02 09:55:08.335(Timestamp)
2023-05-02 09:55:08.349 [http-nio-8080-exec-2] DEBUG top.whf.rbac.dao.SysLogLoginDao.insert - <==    Updates: 1
2023-05-02 09:55:08.758 [http-nio-8080-exec-4] DEBUG top.whf.rbac.dao.SysMenuDao.getMenuList - ==>  Preparing: SELECT * FROM sys_menu WHERE deleted = 0 AND type = ? ORDER BY sort
2023-05-02 09:55:08.759 [http-nio-8080-exec-4] DEBUG top.whf.rbac.dao.SysMenuDao.getMenuList - ==> Parameters: 0(Integer)
2023-05-02 09:55:08.766 [http-nio-8080-exec-4] DEBUG top.whf.rbac.dao.SysMenuDao.getMenuList - <==      Total: 10
2023-05-02 09:55:08.769 [http-nio-8080-exec-4] DEBUG top.whf.rbac.dao.SysMenuDao.getAuthorityList - ==>  Preparing: SELECT authority FROM sys_menu WHERE deleted = 0
2023-05-02 09:55:08.769 [http-nio-8080-exec-4] DEBUG top.whf.rbac.dao.SysMenuDao.getAuthorityList - ==> Parameters: 
2023-05-02 09:55:08.772 [http-nio-8080-exec-4] DEBUG top.whf.rbac.dao.SysMenuDao.getAuthorityList - <==      Total: 31
2023-05-02 09:55:30.718 [http-nio-8080-exec-18] DEBUG top.whf.rbac.dao.SysUserDao.getList_mpCount - ==>  Preparing: SELECT COUNT(*) AS total FROM sys_user t1 WHERE t1.super_admin = 0 AND t1.deleted = 0
2023-05-02 09:55:30.719 [http-nio-8080-exec-18] DEBUG top.whf.rbac.dao.SysUserDao.getList_mpCount - ==> Parameters: 
2023-05-02 09:55:30.720 [http-nio-8080-exec-18] DEBUG top.whf.rbac.dao.SysUserDao.getList_mpCount - <==      Total: 1
2023-05-02 09:55:30.726 [http-nio-8080-exec-18] DEBUG top.whf.rbac.dao.SysUserDao.getList - ==>  Preparing: SELECT t1.* FROM sys_user t1 WHERE t1.super_admin = 0 AND t1.deleted = 0 LIMIT ?
2023-05-02 09:55:30.726 [http-nio-8080-exec-18] DEBUG top.whf.rbac.dao.SysUserDao.getList - ==> Parameters: 8(Long)
2023-05-02 09:55:30.729 [http-nio-8080-exec-18] DEBUG top.whf.rbac.dao.SysUserDao.getList - <==      Total: 8
