2023-04-25 14:14:34.444 [main] DEBUG top.whf.ServerApplication - Running with Spring Boot v3.0.5, Spring v6.0.7
2023-04-25 14:14:36.549 [main] DEBUG top.whf.security.filter.AuthenticationTokenFilter - Filter 'authenticationTokenFilter' configured for use
2023-04-25 14:16:00.280 [http-nio-8080-exec-9] DEBUG top.whf.rbac.dao.SysUserDao.selectList - ==>  Preparing: SELECT id,username,password,real_name,avatar,gender,email,mobile,super_admin,status,creator,create_time,updater,update_time,deleted FROM sys_user WHERE deleted=0 AND (username = ?)
2023-04-25 14:16:00.309 [http-nio-8080-exec-9] DEBUG top.whf.rbac.dao.SysUserDao.selectList - ==> Parameters: admin(String)
2023-04-25 14:16:00.392 [http-nio-8080-exec-9] DEBUG top.whf.rbac.dao.SysUserDao.selectList - <==      Total: 1
2023-04-25 14:16:00.412 [http-nio-8080-exec-9] DEBUG top.whf.rbac.dao.SysMenuDao.getAuthorityList - ==>  Preparing: SELECT authority FROM sys_menu WHERE deleted = 0
2023-04-25 14:16:00.413 [http-nio-8080-exec-9] DEBUG top.whf.rbac.dao.SysMenuDao.getAuthorityList - ==> Parameters: 
2023-04-25 14:16:00.425 [http-nio-8080-exec-9] DEBUG top.whf.rbac.dao.SysMenuDao.getAuthorityList - <==      Total: 31
2023-04-25 14:16:00.587 [http-nio-8080-exec-9] DEBUG top.whf.rbac.dao.SysLogLoginDao.insert - ==>  Preparing: INSERT INTO sys_log_login ( username, ip, address, user_agent, status, operation, create_time ) VALUES ( ?, ?, ?, ?, ?, ?, ? )
2023-04-25 14:16:00.589 [http-nio-8080-exec-9] DEBUG top.whf.rbac.dao.SysLogLoginDao.insert - ==> Parameters: admin(String), 127.0.0.1(String), 内网IP(String), Mozilla/5.0 (Windows NT 10.0; Win64; x64) AppleWebKit/537.36 (KHTML, like Gecko) Chrome/112.0.0.0 Safari/537.36(String), 0(Integer), 3(Integer), 2023-04-25 14:16:00.584(Timestamp)
2023-04-25 14:16:00.607 [http-nio-8080-exec-9] DEBUG top.whf.rbac.dao.SysLogLoginDao.insert - <==    Updates: 1
2023-04-25 14:17:19.955 [http-nio-8080-exec-26] DEBUG top.whf.rbac.dao.SysUserDao.selectList - ==>  Preparing: SELECT id,username,password,real_name,avatar,gender,email,mobile,super_admin,status,creator,create_time,updater,update_time,deleted FROM sys_user WHERE deleted=0 AND (username = ?)
2023-04-25 14:17:19.956 [http-nio-8080-exec-26] DEBUG top.whf.rbac.dao.SysUserDao.selectList - ==> Parameters: admin(String)
2023-04-25 14:17:19.958 [http-nio-8080-exec-26] DEBUG top.whf.rbac.dao.SysUserDao.selectList - <==      Total: 1
2023-04-25 14:17:19.959 [http-nio-8080-exec-26] DEBUG top.whf.rbac.dao.SysMenuDao.getAuthorityList - ==>  Preparing: SELECT authority FROM sys_menu WHERE deleted = 0
2023-04-25 14:17:19.960 [http-nio-8080-exec-26] DEBUG top.whf.rbac.dao.SysMenuDao.getAuthorityList - ==> Parameters: 
2023-04-25 14:17:19.962 [http-nio-8080-exec-26] DEBUG top.whf.rbac.dao.SysMenuDao.getAuthorityList - <==      Total: 31
2023-04-25 14:17:20.075 [http-nio-8080-exec-26] DEBUG top.whf.rbac.dao.SysLogLoginDao.insert - ==>  Preparing: INSERT INTO sys_log_login ( username, ip, address, user_agent, status, operation, create_time ) VALUES ( ?, ?, ?, ?, ?, ?, ? )
2023-04-25 14:17:20.076 [http-nio-8080-exec-26] DEBUG top.whf.rbac.dao.SysLogLoginDao.insert - ==> Parameters: admin(String), 127.0.0.1(String), 内网IP(String), Mozilla/5.0 (Windows NT 10.0; Win64; x64) AppleWebKit/537.36 (KHTML, like Gecko) Chrome/112.0.0.0 Safari/537.36(String), 1(Integer), 0(Integer), 2023-04-25 14:17:20.075(Timestamp)
2023-04-25 14:17:20.080 [http-nio-8080-exec-26] DEBUG top.whf.rbac.dao.SysLogLoginDao.insert - <==    Updates: 1
2023-04-25 14:27:36.695 [http-nio-8080-exec-15] DEBUG top.whf.rbac.dao.SysUserDao.selectList - ==>  Preparing: SELECT id,username,password,real_name,avatar,gender,email,mobile,super_admin,status,creator,create_time,updater,update_time,deleted FROM sys_user WHERE deleted=0 AND (username = ?)
2023-04-25 14:27:36.696 [http-nio-8080-exec-15] DEBUG top.whf.rbac.dao.SysUserDao.selectList - ==> Parameters: admin(String)
2023-04-25 14:27:36.698 [http-nio-8080-exec-15] DEBUG top.whf.rbac.dao.SysUserDao.selectList - <==      Total: 1
2023-04-25 14:27:36.699 [http-nio-8080-exec-15] DEBUG top.whf.rbac.dao.SysMenuDao.getAuthorityList - ==>  Preparing: SELECT authority FROM sys_menu WHERE deleted = 0
2023-04-25 14:27:36.700 [http-nio-8080-exec-15] DEBUG top.whf.rbac.dao.SysMenuDao.getAuthorityList - ==> Parameters: 
2023-04-25 14:27:36.701 [http-nio-8080-exec-15] DEBUG top.whf.rbac.dao.SysMenuDao.getAuthorityList - <==      Total: 31
2023-04-25 14:27:36.794 [http-nio-8080-exec-15] DEBUG top.whf.rbac.dao.SysLogLoginDao.insert - ==>  Preparing: INSERT INTO sys_log_login ( username, ip, address, user_agent, status, operation, create_time ) VALUES ( ?, ?, ?, ?, ?, ?, ? )
2023-04-25 14:27:36.794 [http-nio-8080-exec-15] DEBUG top.whf.rbac.dao.SysLogLoginDao.insert - ==> Parameters: admin(String), 127.0.0.1(String), 内网IP(String), Mozilla/5.0 (Windows NT 10.0; Win64; x64) AppleWebKit/537.36 (KHTML, like Gecko) Chrome/112.0.0.0 Safari/537.36(String), 1(Integer), 0(Integer), 2023-04-25 14:27:36.793(Timestamp)
2023-04-25 14:27:36.799 [http-nio-8080-exec-15] DEBUG top.whf.rbac.dao.SysLogLoginDao.insert - <==    Updates: 1
2023-04-25 14:27:36.827 [http-nio-8080-exec-8] DEBUG top.whf.rbac.dao.SysMenuDao.getMenuList - ==>  Preparing: SELECT * FROM sys_menu WHERE deleted = 0 AND type = ? ORDER BY sort
2023-04-25 14:27:36.827 [http-nio-8080-exec-8] DEBUG top.whf.rbac.dao.SysMenuDao.getMenuList - ==> Parameters: 0(Integer)
2023-04-25 14:27:36.831 [http-nio-8080-exec-8] DEBUG top.whf.rbac.dao.SysMenuDao.getMenuList - <==      Total: 10
2023-04-25 14:27:36.835 [http-nio-8080-exec-8] DEBUG top.whf.rbac.dao.SysMenuDao.getAuthorityList - ==>  Preparing: SELECT authority FROM sys_menu WHERE deleted = 0
2023-04-25 14:27:36.835 [http-nio-8080-exec-8] DEBUG top.whf.rbac.dao.SysMenuDao.getAuthorityList - ==> Parameters: 
2023-04-25 14:27:36.837 [http-nio-8080-exec-8] DEBUG top.whf.rbac.dao.SysMenuDao.getAuthorityList - <==      Total: 31
2023-04-25 14:30:08.072 [http-nio-8080-exec-21] DEBUG top.whf.rbac.dao.SysMenuDao.getMenuList - ==>  Preparing: SELECT * FROM sys_menu WHERE deleted = 0 AND type = ? ORDER BY sort
2023-04-25 14:30:08.072 [http-nio-8080-exec-21] DEBUG top.whf.rbac.dao.SysMenuDao.getMenuList - ==> Parameters: 0(Integer)
2023-04-25 14:30:08.081 [http-nio-8080-exec-21] DEBUG top.whf.rbac.dao.SysMenuDao.getMenuList - <==      Total: 10
2023-04-25 14:30:08.083 [http-nio-8080-exec-21] DEBUG top.whf.rbac.dao.SysMenuDao.getAuthorityList - ==>  Preparing: SELECT authority FROM sys_menu WHERE deleted = 0
2023-04-25 14:30:08.083 [http-nio-8080-exec-21] DEBUG top.whf.rbac.dao.SysMenuDao.getAuthorityList - ==> Parameters: 
2023-04-25 14:30:08.086 [http-nio-8080-exec-21] DEBUG top.whf.rbac.dao.SysMenuDao.getAuthorityList - <==      Total: 31
2023-04-25 14:30:26.645 [http-nio-8080-exec-9] DEBUG top.whf.rbac.dao.SysMenuDao.getMenuList - ==>  Preparing: SELECT * FROM sys_menu WHERE deleted = 0 AND type = ? ORDER BY sort
2023-04-25 14:30:26.646 [http-nio-8080-exec-9] DEBUG top.whf.rbac.dao.SysMenuDao.getMenuList - ==> Parameters: 0(Integer)
2023-04-25 14:30:26.649 [http-nio-8080-exec-9] DEBUG top.whf.rbac.dao.SysMenuDao.getMenuList - <==      Total: 10
2023-04-25 14:30:26.651 [http-nio-8080-exec-9] DEBUG top.whf.rbac.dao.SysMenuDao.getAuthorityList - ==>  Preparing: SELECT authority FROM sys_menu WHERE deleted = 0
2023-04-25 14:30:26.652 [http-nio-8080-exec-9] DEBUG top.whf.rbac.dao.SysMenuDao.getAuthorityList - ==> Parameters: 
2023-04-25 14:30:26.656 [http-nio-8080-exec-9] DEBUG top.whf.rbac.dao.SysMenuDao.getAuthorityList - <==      Total: 31
2023-04-25 14:31:14.352 [http-nio-8080-exec-23] DEBUG top.whf.rbac.dao.SysMenuDao.getMenuList - ==>  Preparing: SELECT * FROM sys_menu WHERE deleted = 0 AND type = ? ORDER BY sort
2023-04-25 14:31:14.353 [http-nio-8080-exec-23] DEBUG top.whf.rbac.dao.SysMenuDao.getMenuList - ==> Parameters: 0(Integer)
2023-04-25 14:31:14.358 [http-nio-8080-exec-23] DEBUG top.whf.rbac.dao.SysMenuDao.getMenuList - <==      Total: 10
2023-04-25 14:31:14.360 [http-nio-8080-exec-23] DEBUG top.whf.rbac.dao.SysMenuDao.getAuthorityList - ==>  Preparing: SELECT authority FROM sys_menu WHERE deleted = 0
2023-04-25 14:31:14.361 [http-nio-8080-exec-23] DEBUG top.whf.rbac.dao.SysMenuDao.getAuthorityList - ==> Parameters: 
2023-04-25 14:31:14.363 [http-nio-8080-exec-23] DEBUG top.whf.rbac.dao.SysMenuDao.getAuthorityList - <==      Total: 31
2023-04-25 14:40:27.662 [http-nio-8080-exec-3] DEBUG top.whf.rbac.dao.SysMenuDao.getMenuList - ==>  Preparing: SELECT * FROM sys_menu WHERE deleted = 0 AND type = ? ORDER BY sort
2023-04-25 14:40:27.663 [http-nio-8080-exec-3] DEBUG top.whf.rbac.dao.SysMenuDao.getMenuList - ==> Parameters: 0(Integer)
2023-04-25 14:40:27.667 [http-nio-8080-exec-3] DEBUG top.whf.rbac.dao.SysMenuDao.getMenuList - <==      Total: 10
2023-04-25 14:40:27.668 [http-nio-8080-exec-3] DEBUG top.whf.rbac.dao.SysMenuDao.getAuthorityList - ==>  Preparing: SELECT authority FROM sys_menu WHERE deleted = 0
2023-04-25 14:40:27.669 [http-nio-8080-exec-3] DEBUG top.whf.rbac.dao.SysMenuDao.getAuthorityList - ==> Parameters: 
2023-04-25 14:40:27.673 [http-nio-8080-exec-3] DEBUG top.whf.rbac.dao.SysMenuDao.getAuthorityList - <==      Total: 31
2023-04-25 14:41:01.784 [http-nio-8080-exec-8] DEBUG top.whf.rbac.dao.SysMenuDao.getMenuList - ==>  Preparing: SELECT * FROM sys_menu WHERE deleted = 0 AND type = ? ORDER BY sort
2023-04-25 14:41:01.784 [http-nio-8080-exec-8] DEBUG top.whf.rbac.dao.SysMenuDao.getMenuList - ==> Parameters: 0(Integer)
2023-04-25 14:41:01.788 [http-nio-8080-exec-8] DEBUG top.whf.rbac.dao.SysMenuDao.getMenuList - <==      Total: 10
2023-04-25 14:41:01.790 [http-nio-8080-exec-8] DEBUG top.whf.rbac.dao.SysMenuDao.getAuthorityList - ==>  Preparing: SELECT authority FROM sys_menu WHERE deleted = 0
2023-04-25 14:41:01.790 [http-nio-8080-exec-8] DEBUG top.whf.rbac.dao.SysMenuDao.getAuthorityList - ==> Parameters: 
2023-04-25 14:41:01.792 [http-nio-8080-exec-8] DEBUG top.whf.rbac.dao.SysMenuDao.getAuthorityList - <==      Total: 31
2023-04-25 14:41:07.510 [http-nio-8080-exec-22] DEBUG top.whf.rbac.dao.SysMenuDao.getMenuList - ==>  Preparing: SELECT * FROM sys_menu WHERE deleted = 0 AND type = ? ORDER BY sort
2023-04-25 14:41:07.510 [http-nio-8080-exec-22] DEBUG top.whf.rbac.dao.SysMenuDao.getMenuList - ==> Parameters: 0(Integer)
2023-04-25 14:41:07.513 [http-nio-8080-exec-22] DEBUG top.whf.rbac.dao.SysMenuDao.getMenuList - <==      Total: 10
2023-04-25 14:41:07.514 [http-nio-8080-exec-22] DEBUG top.whf.rbac.dao.SysMenuDao.getAuthorityList - ==>  Preparing: SELECT authority FROM sys_menu WHERE deleted = 0
2023-04-25 14:41:07.515 [http-nio-8080-exec-22] DEBUG top.whf.rbac.dao.SysMenuDao.getAuthorityList - ==> Parameters: 
2023-04-25 14:41:07.516 [http-nio-8080-exec-22] DEBUG top.whf.rbac.dao.SysMenuDao.getAuthorityList - <==      Total: 31
2023-04-25 14:41:19.141 [http-nio-8080-exec-9] DEBUG top.whf.rbac.dao.SysMenuDao.getMenuList - ==>  Preparing: SELECT * FROM sys_menu WHERE deleted = 0 AND type = ? ORDER BY sort
2023-04-25 14:41:19.141 [http-nio-8080-exec-9] DEBUG top.whf.rbac.dao.SysMenuDao.getMenuList - ==> Parameters: 0(Integer)
2023-04-25 14:41:19.144 [http-nio-8080-exec-9] DEBUG top.whf.rbac.dao.SysMenuDao.getMenuList - <==      Total: 10
2023-04-25 14:41:19.146 [http-nio-8080-exec-9] DEBUG top.whf.rbac.dao.SysMenuDao.getAuthorityList - ==>  Preparing: SELECT authority FROM sys_menu WHERE deleted = 0
2023-04-25 14:41:19.146 [http-nio-8080-exec-9] DEBUG top.whf.rbac.dao.SysMenuDao.getAuthorityList - ==> Parameters: 
2023-04-25 14:41:19.147 [http-nio-8080-exec-9] DEBUG top.whf.rbac.dao.SysMenuDao.getAuthorityList - <==      Total: 31
2023-04-25 14:50:26.308 [http-nio-8080-exec-23] DEBUG top.whf.rbac.dao.SysMenuDao.getMenuList - ==>  Preparing: SELECT * FROM sys_menu WHERE deleted = 0 AND type = ? ORDER BY sort
2023-04-25 14:50:26.309 [http-nio-8080-exec-23] DEBUG top.whf.rbac.dao.SysMenuDao.getMenuList - ==> Parameters: 0(Integer)
2023-04-25 14:50:26.312 [http-nio-8080-exec-23] DEBUG top.whf.rbac.dao.SysMenuDao.getMenuList - <==      Total: 10
2023-04-25 14:50:26.314 [http-nio-8080-exec-23] DEBUG top.whf.rbac.dao.SysMenuDao.getAuthorityList - ==>  Preparing: SELECT authority FROM sys_menu WHERE deleted = 0
2023-04-25 14:50:26.315 [http-nio-8080-exec-23] DEBUG top.whf.rbac.dao.SysMenuDao.getAuthorityList - ==> Parameters: 
2023-04-25 14:50:26.317 [http-nio-8080-exec-23] DEBUG top.whf.rbac.dao.SysMenuDao.getAuthorityList - <==      Total: 31
2023-04-25 14:51:14.385 [http-nio-8080-exec-27] DEBUG top.whf.rbac.dao.SysMenuDao.getMenuList - ==>  Preparing: SELECT * FROM sys_menu WHERE deleted = 0 AND type = ? ORDER BY sort
2023-04-25 14:51:14.386 [http-nio-8080-exec-27] DEBUG top.whf.rbac.dao.SysMenuDao.getMenuList - ==> Parameters: 0(Integer)
2023-04-25 14:51:14.390 [http-nio-8080-exec-27] DEBUG top.whf.rbac.dao.SysMenuDao.getMenuList - <==      Total: 10
2023-04-25 14:51:14.392 [http-nio-8080-exec-27] DEBUG top.whf.rbac.dao.SysMenuDao.getAuthorityList - ==>  Preparing: SELECT authority FROM sys_menu WHERE deleted = 0
2023-04-25 14:51:14.392 [http-nio-8080-exec-27] DEBUG top.whf.rbac.dao.SysMenuDao.getAuthorityList - ==> Parameters: 
2023-04-25 14:51:14.394 [http-nio-8080-exec-27] DEBUG top.whf.rbac.dao.SysMenuDao.getAuthorityList - <==      Total: 31
2023-04-25 14:52:25.860 [http-nio-8080-exec-4] DEBUG top.whf.rbac.dao.SysMenuDao.getMenuList - ==>  Preparing: SELECT * FROM sys_menu WHERE deleted = 0 AND type = ? ORDER BY sort
2023-04-25 14:52:25.861 [http-nio-8080-exec-4] DEBUG top.whf.rbac.dao.SysMenuDao.getMenuList - ==> Parameters: 0(Integer)
2023-04-25 14:52:25.864 [http-nio-8080-exec-4] DEBUG top.whf.rbac.dao.SysMenuDao.getMenuList - <==      Total: 10
2023-04-25 14:52:25.866 [http-nio-8080-exec-4] DEBUG top.whf.rbac.dao.SysMenuDao.getAuthorityList - ==>  Preparing: SELECT authority FROM sys_menu WHERE deleted = 0
2023-04-25 14:52:25.866 [http-nio-8080-exec-4] DEBUG top.whf.rbac.dao.SysMenuDao.getAuthorityList - ==> Parameters: 
2023-04-25 14:52:25.869 [http-nio-8080-exec-4] DEBUG top.whf.rbac.dao.SysMenuDao.getAuthorityList - <==      Total: 31
2023-04-25 14:58:06.749 [main] DEBUG top.whf.ServerApplication - Running with Spring Boot v3.0.5, Spring v6.0.7
2023-04-25 14:58:09.120 [main] DEBUG top.whf.security.filter.AuthenticationTokenFilter - Filter 'authenticationTokenFilter' configured for use
2023-04-25 14:58:56.637 [http-nio-8080-exec-9] DEBUG top.whf.rbac.dao.SysUserDao.selectList - ==>  Preparing: SELECT id,username,password,real_name,avatar,gender,email,mobile,super_admin,status,creator,create_time,updater,update_time,deleted FROM sys_user WHERE deleted=0 AND (username = ?)
2023-04-25 14:58:56.658 [http-nio-8080-exec-9] DEBUG top.whf.rbac.dao.SysUserDao.selectList - ==> Parameters: admin(String)
2023-04-25 14:58:56.679 [http-nio-8080-exec-9] DEBUG top.whf.rbac.dao.SysUserDao.selectList - <==      Total: 1
2023-04-25 14:58:56.690 [http-nio-8080-exec-9] DEBUG top.whf.rbac.dao.SysMenuDao.getAuthorityList - ==>  Preparing: SELECT authority FROM sys_menu WHERE deleted = 0
2023-04-25 14:58:56.690 [http-nio-8080-exec-9] DEBUG top.whf.rbac.dao.SysMenuDao.getAuthorityList - ==> Parameters: 
2023-04-25 14:58:56.693 [http-nio-8080-exec-9] DEBUG top.whf.rbac.dao.SysMenuDao.getAuthorityList - <==      Total: 31
2023-04-25 14:58:56.792 [http-nio-8080-exec-9] DEBUG top.whf.rbac.dao.SysLogLoginDao.insert - ==>  Preparing: INSERT INTO sys_log_login ( username, ip, address, user_agent, status, operation, create_time ) VALUES ( ?, ?, ?, ?, ?, ?, ? )
2023-04-25 14:58:56.793 [http-nio-8080-exec-9] DEBUG top.whf.rbac.dao.SysLogLoginDao.insert - ==> Parameters: admin(String), 127.0.0.1(String), 内网IP(String), Mozilla/5.0 (Windows NT 10.0; Win64; x64) AppleWebKit/537.36 (KHTML, like Gecko) Chrome/112.0.0.0 Safari/537.36(String), 1(Integer), 0(Integer), 2023-04-25 14:58:56.79(Timestamp)
2023-04-25 14:58:56.801 [http-nio-8080-exec-9] DEBUG top.whf.rbac.dao.SysLogLoginDao.insert - <==    Updates: 1
2023-04-25 15:28:16.844 [main] DEBUG top.whf.ServerApplication - Running with Spring Boot v3.0.5, Spring v6.0.7
2023-04-25 15:28:18.737 [main] DEBUG top.whf.security.filter.AuthenticationTokenFilter - Filter 'authenticationTokenFilter' configured for use
2023-04-25 15:30:00.950 [http-nio-8080-exec-14] DEBUG top.whf.rbac.dao.SysUserDao.selectList - ==>  Preparing: SELECT id,username,password,real_name,avatar,gender,email,mobile,super_admin,status,creator,create_time,updater,update_time,deleted FROM sys_user WHERE deleted=0 AND (username = ?)
2023-04-25 15:30:00.968 [http-nio-8080-exec-14] DEBUG top.whf.rbac.dao.SysUserDao.selectList - ==> Parameters: admin(String)
2023-04-25 15:30:00.987 [http-nio-8080-exec-14] DEBUG top.whf.rbac.dao.SysUserDao.selectList - <==      Total: 1
2023-04-25 15:30:00.996 [http-nio-8080-exec-14] DEBUG top.whf.rbac.dao.SysMenuDao.getAuthorityList - ==>  Preparing: SELECT authority FROM sys_menu WHERE deleted = 0
2023-04-25 15:30:00.997 [http-nio-8080-exec-14] DEBUG top.whf.rbac.dao.SysMenuDao.getAuthorityList - ==> Parameters: 
2023-04-25 15:30:00.999 [http-nio-8080-exec-14] DEBUG top.whf.rbac.dao.SysMenuDao.getAuthorityList - <==      Total: 31
2023-04-25 15:30:01.101 [http-nio-8080-exec-14] DEBUG top.whf.rbac.dao.SysLogLoginDao.insert - ==>  Preparing: INSERT INTO sys_log_login ( username, ip, address, user_agent, status, operation, create_time ) VALUES ( ?, ?, ?, ?, ?, ?, ? )
2023-04-25 15:30:01.101 [http-nio-8080-exec-14] DEBUG top.whf.rbac.dao.SysLogLoginDao.insert - ==> Parameters: admin(String), 127.0.0.1(String), 内网IP(String), Mozilla/5.0 (Windows NT 10.0; Win64; x64) AppleWebKit/537.36 (KHTML, like Gecko) Chrome/112.0.0.0 Safari/537.36(String), 1(Integer), 0(Integer), 2023-04-25 15:30:01.098(Timestamp)
2023-04-25 15:30:01.109 [http-nio-8080-exec-14] DEBUG top.whf.rbac.dao.SysLogLoginDao.insert - <==    Updates: 1
2023-04-25 15:43:37.799 [main] DEBUG top.whf.ServerApplication - Running with Spring Boot v3.0.5, Spring v6.0.7
2023-04-25 15:43:39.952 [main] DEBUG top.whf.security.filter.AuthenticationTokenFilter - Filter 'authenticationTokenFilter' configured for use
2023-04-25 15:52:57.375 [http-nio-8080-exec-29] DEBUG top.whf.rbac.dao.SysUserDao.selectList - ==>  Preparing: SELECT id,username,password,real_name,avatar,gender,email,mobile,super_admin,status,creator,create_time,updater,update_time,deleted FROM sys_user WHERE deleted=0 AND (username = ?)
2023-04-25 15:52:57.429 [http-nio-8080-exec-29] DEBUG top.whf.rbac.dao.SysUserDao.selectList - ==> Parameters: admin(String)
2023-04-25 15:52:57.513 [http-nio-8080-exec-29] DEBUG top.whf.rbac.dao.SysUserDao.selectList - <==      Total: 1
2023-04-25 15:52:57.547 [http-nio-8080-exec-29] DEBUG top.whf.rbac.dao.SysMenuDao.getAuthorityList - ==>  Preparing: SELECT authority FROM sys_menu WHERE deleted = 0
2023-04-25 15:52:57.549 [http-nio-8080-exec-29] DEBUG top.whf.rbac.dao.SysMenuDao.getAuthorityList - ==> Parameters: 
2023-04-25 15:52:57.565 [http-nio-8080-exec-29] DEBUG top.whf.rbac.dao.SysMenuDao.getAuthorityList - <==      Total: 31
2023-04-25 15:52:57.827 [http-nio-8080-exec-29] DEBUG top.whf.rbac.dao.SysLogLoginDao.insert - ==>  Preparing: INSERT INTO sys_log_login ( username, ip, address, user_agent, status, operation, create_time ) VALUES ( ?, ?, ?, ?, ?, ?, ? )
2023-04-25 15:52:57.829 [http-nio-8080-exec-29] DEBUG top.whf.rbac.dao.SysLogLoginDao.insert - ==> Parameters: admin(String), 127.0.0.1(String), 内网IP(String), Mozilla/5.0 (Windows NT 10.0; Win64; x64) AppleWebKit/537.36 (KHTML, like Gecko) Chrome/112.0.0.0 Safari/537.36(String), 1(Integer), 0(Integer), 2023-04-25 15:52:57.819(Timestamp)
2023-04-25 15:52:57.857 [http-nio-8080-exec-29] DEBUG top.whf.rbac.dao.SysLogLoginDao.insert - <==    Updates: 1
2023-04-25 15:52:58.057 [http-nio-8080-exec-1] DEBUG top.whf.rbac.dao.SysMenuDao.getMenuList - ==>  Preparing: SELECT * FROM sys_menu WHERE deleted = 0 AND type = ? ORDER BY sort
2023-04-25 15:52:58.060 [http-nio-8080-exec-1] DEBUG top.whf.rbac.dao.SysMenuDao.getMenuList - ==> Parameters: 0(Integer)
2023-04-25 15:52:58.077 [http-nio-8080-exec-1] DEBUG top.whf.rbac.dao.SysMenuDao.getMenuList - <==      Total: 10
2023-04-25 15:52:58.088 [http-nio-8080-exec-1] DEBUG top.whf.rbac.dao.SysMenuDao.getAuthorityList - ==>  Preparing: SELECT authority FROM sys_menu WHERE deleted = 0
2023-04-25 15:52:58.089 [http-nio-8080-exec-1] DEBUG top.whf.rbac.dao.SysMenuDao.getAuthorityList - ==> Parameters: 
2023-04-25 15:52:58.093 [http-nio-8080-exec-1] DEBUG top.whf.rbac.dao.SysMenuDao.getAuthorityList - <==      Total: 31
2023-04-25 16:00:38.502 [http-nio-8080-exec-11] DEBUG top.whf.rbac.dao.SysMenuDao.getMenuList - ==>  Preparing: SELECT * FROM sys_menu WHERE deleted = 0 AND type = ? ORDER BY sort
2023-04-25 16:00:38.503 [http-nio-8080-exec-11] DEBUG top.whf.rbac.dao.SysMenuDao.getMenuList - ==> Parameters: 0(Integer)
2023-04-25 16:00:38.519 [http-nio-8080-exec-11] DEBUG top.whf.rbac.dao.SysMenuDao.getMenuList - <==      Total: 10
2023-04-25 16:00:38.520 [http-nio-8080-exec-11] DEBUG top.whf.rbac.dao.SysMenuDao.getAuthorityList - ==>  Preparing: SELECT authority FROM sys_menu WHERE deleted = 0
2023-04-25 16:00:38.521 [http-nio-8080-exec-11] DEBUG top.whf.rbac.dao.SysMenuDao.getAuthorityList - ==> Parameters: 
2023-04-25 16:00:38.524 [http-nio-8080-exec-11] DEBUG top.whf.rbac.dao.SysMenuDao.getAuthorityList - <==      Total: 31
2023-04-25 16:01:23.525 [http-nio-8080-exec-23] DEBUG top.whf.rbac.dao.SysMenuDao.getMenuList - ==>  Preparing: SELECT * FROM sys_menu WHERE deleted = 0 AND type = ? ORDER BY sort
2023-04-25 16:01:23.525 [http-nio-8080-exec-23] DEBUG top.whf.rbac.dao.SysMenuDao.getMenuList - ==> Parameters: 0(Integer)
2023-04-25 16:01:23.530 [http-nio-8080-exec-23] DEBUG top.whf.rbac.dao.SysMenuDao.getMenuList - <==      Total: 10
2023-04-25 16:01:23.531 [http-nio-8080-exec-23] DEBUG top.whf.rbac.dao.SysMenuDao.getAuthorityList - ==>  Preparing: SELECT authority FROM sys_menu WHERE deleted = 0
2023-04-25 16:01:23.532 [http-nio-8080-exec-23] DEBUG top.whf.rbac.dao.SysMenuDao.getAuthorityList - ==> Parameters: 
2023-04-25 16:01:23.534 [http-nio-8080-exec-23] DEBUG top.whf.rbac.dao.SysMenuDao.getAuthorityList - <==      Total: 31
2023-04-25 16:04:57.218 [http-nio-8080-exec-1] DEBUG top.whf.rbac.dao.SysMenuDao.getMenuList - ==>  Preparing: SELECT * FROM sys_menu WHERE deleted = 0 AND type = ? ORDER BY sort
2023-04-25 16:04:57.219 [http-nio-8080-exec-1] DEBUG top.whf.rbac.dao.SysMenuDao.getMenuList - ==> Parameters: 0(Integer)
2023-04-25 16:04:57.224 [http-nio-8080-exec-1] DEBUG top.whf.rbac.dao.SysMenuDao.getMenuList - <==      Total: 10
2023-04-25 16:04:57.225 [http-nio-8080-exec-1] DEBUG top.whf.rbac.dao.SysMenuDao.getAuthorityList - ==>  Preparing: SELECT authority FROM sys_menu WHERE deleted = 0
2023-04-25 16:04:57.226 [http-nio-8080-exec-1] DEBUG top.whf.rbac.dao.SysMenuDao.getAuthorityList - ==> Parameters: 
2023-04-25 16:04:57.228 [http-nio-8080-exec-1] DEBUG top.whf.rbac.dao.SysMenuDao.getAuthorityList - <==      Total: 31
2023-04-25 16:08:46.642 [http-nio-8080-exec-6] DEBUG t.whf.rbac.dao.SysLogLoginDao.selectPage_mpCount - ==>  Preparing: SELECT COUNT(*) AS total FROM sys_log_login
2023-04-25 16:08:46.644 [http-nio-8080-exec-6] DEBUG t.whf.rbac.dao.SysLogLoginDao.selectPage_mpCount - ==> Parameters: 
2023-04-25 16:08:46.650 [http-nio-8080-exec-6] DEBUG t.whf.rbac.dao.SysLogLoginDao.selectPage_mpCount - <==      Total: 1
2023-04-25 16:08:46.658 [http-nio-8080-exec-6] DEBUG top.whf.rbac.dao.SysLogLoginDao.selectPage - ==>  Preparing: SELECT id,username,ip,address,user_agent,status,operation,create_time FROM sys_log_login ORDER BY id DESC LIMIT ?
2023-04-25 16:08:46.659 [http-nio-8080-exec-6] DEBUG top.whf.rbac.dao.SysLogLoginDao.selectPage - ==> Parameters: 8(Long)
2023-04-25 16:08:46.662 [http-nio-8080-exec-6] DEBUG top.whf.rbac.dao.SysLogLoginDao.selectPage - <==      Total: 8
2023-04-25 16:08:52.721 [http-nio-8080-exec-14] DEBUG top.whf.dao.NoticeDao.selectPage_mpCount - ==>  Preparing: SELECT COUNT(*) AS total FROM t_notice WHERE deleted = 0
2023-04-25 16:08:52.721 [http-nio-8080-exec-14] DEBUG top.whf.dao.NoticeDao.selectPage_mpCount - ==> Parameters: 
2023-04-25 16:08:52.730 [http-nio-8080-exec-14] DEBUG top.whf.dao.NoticeDao.selectPage_mpCount - <==      Total: 1
2023-04-25 16:08:52.733 [http-nio-8080-exec-14] DEBUG top.whf.dao.NoticeDao.selectPage - ==>  Preparing: SELECT id,title,content,creator,create_time,updater,update_time,deleted FROM t_notice WHERE deleted=0 LIMIT ?
2023-04-25 16:08:52.734 [http-nio-8080-exec-14] DEBUG top.whf.dao.NoticeDao.selectPage - ==> Parameters: 12(Long)
2023-04-25 16:08:52.738 [http-nio-8080-exec-14] DEBUG top.whf.dao.NoticeDao.selectPage - <==      Total: 12
2023-04-25 16:21:14.108 [http-nio-8080-exec-2] DEBUG top.whf.rbac.dao.SysMenuDao.getMenuList - ==>  Preparing: SELECT * FROM sys_menu WHERE deleted = 0 AND type = ? ORDER BY sort
2023-04-25 16:21:14.110 [http-nio-8080-exec-2] DEBUG top.whf.rbac.dao.SysMenuDao.getMenuList - ==> Parameters: 0(Integer)
2023-04-25 16:21:14.115 [http-nio-8080-exec-2] DEBUG top.whf.rbac.dao.SysMenuDao.getMenuList - <==      Total: 10
2023-04-25 16:21:14.118 [http-nio-8080-exec-2] DEBUG top.whf.rbac.dao.SysMenuDao.getAuthorityList - ==>  Preparing: SELECT authority FROM sys_menu WHERE deleted = 0
2023-04-25 16:21:14.119 [http-nio-8080-exec-2] DEBUG top.whf.rbac.dao.SysMenuDao.getAuthorityList - ==> Parameters: 
2023-04-25 16:21:14.122 [http-nio-8080-exec-2] DEBUG top.whf.rbac.dao.SysMenuDao.getAuthorityList - <==      Total: 31
2023-04-25 16:25:18.390 [main] DEBUG top.whf.ServerApplication - Running with Spring Boot v3.0.5, Spring v6.0.7
2023-04-25 16:25:20.262 [main] DEBUG top.whf.security.filter.AuthenticationTokenFilter - Filter 'authenticationTokenFilter' configured for use
2023-04-25 16:25:36.336 [http-nio-8080-exec-7] DEBUG top.whf.rbac.dao.SysUserDao.selectList - ==>  Preparing: SELECT id,username,password,real_name,avatar,gender,email,mobile,super_admin,status,creator,create_time,updater,update_time,deleted FROM sys_user WHERE deleted=0 AND (username = ?)
2023-04-25 16:25:36.352 [http-nio-8080-exec-7] DEBUG top.whf.rbac.dao.SysUserDao.selectList - ==> Parameters: admin(String)
2023-04-25 16:25:36.369 [http-nio-8080-exec-7] DEBUG top.whf.rbac.dao.SysUserDao.selectList - <==      Total: 1
2023-04-25 16:25:36.378 [http-nio-8080-exec-7] DEBUG top.whf.rbac.dao.SysMenuDao.getAuthorityList - ==>  Preparing: SELECT authority FROM sys_menu WHERE deleted = 0
2023-04-25 16:25:36.378 [http-nio-8080-exec-7] DEBUG top.whf.rbac.dao.SysMenuDao.getAuthorityList - ==> Parameters: 
2023-04-25 16:25:36.381 [http-nio-8080-exec-7] DEBUG top.whf.rbac.dao.SysMenuDao.getAuthorityList - <==      Total: 31
2023-04-25 16:25:36.471 [http-nio-8080-exec-7] DEBUG top.whf.rbac.dao.SysLogLoginDao.insert - ==>  Preparing: INSERT INTO sys_log_login ( username, ip, address, user_agent, status, operation, create_time ) VALUES ( ?, ?, ?, ?, ?, ?, ? )
2023-04-25 16:25:36.472 [http-nio-8080-exec-7] DEBUG top.whf.rbac.dao.SysLogLoginDao.insert - ==> Parameters: admin(String), 127.0.0.1(String), 内网IP(String), Mozilla/5.0 (Windows NT 10.0; Win64; x64) AppleWebKit/537.36 (KHTML, like Gecko) Chrome/112.0.0.0 Safari/537.36(String), 1(Integer), 0(Integer), 2023-04-25 16:25:36.468(Timestamp)
2023-04-25 16:25:36.478 [http-nio-8080-exec-7] DEBUG top.whf.rbac.dao.SysLogLoginDao.insert - <==    Updates: 1
2023-04-25 16:25:36.900 [http-nio-8080-exec-4] DEBUG top.whf.rbac.dao.SysMenuDao.getMenuList - ==>  Preparing: SELECT * FROM sys_menu WHERE deleted = 0 AND type = ? ORDER BY sort
2023-04-25 16:25:36.901 [http-nio-8080-exec-4] DEBUG top.whf.rbac.dao.SysMenuDao.getMenuList - ==> Parameters: 0(Integer)
2023-04-25 16:25:36.905 [http-nio-8080-exec-4] DEBUG top.whf.rbac.dao.SysMenuDao.getMenuList - <==      Total: 10
2023-04-25 16:25:36.908 [http-nio-8080-exec-4] DEBUG top.whf.rbac.dao.SysMenuDao.getAuthorityList - ==>  Preparing: SELECT authority FROM sys_menu WHERE deleted = 0
2023-04-25 16:25:36.909 [http-nio-8080-exec-4] DEBUG top.whf.rbac.dao.SysMenuDao.getAuthorityList - ==> Parameters: 
2023-04-25 16:25:36.910 [http-nio-8080-exec-4] DEBUG top.whf.rbac.dao.SysMenuDao.getAuthorityList - <==      Total: 31
2023-04-25 16:43:25.040 [http-nio-8080-exec-14] DEBUG t.whf.rbac.dao.SysLogLoginDao.selectPage_mpCount - ==>  Preparing: SELECT COUNT(*) AS total FROM sys_log_login
2023-04-25 16:43:25.041 [http-nio-8080-exec-14] DEBUG t.whf.rbac.dao.SysLogLoginDao.selectPage_mpCount - ==> Parameters: 
2023-04-25 16:43:25.044 [http-nio-8080-exec-14] DEBUG t.whf.rbac.dao.SysLogLoginDao.selectPage_mpCount - <==      Total: 1
2023-04-25 16:43:25.049 [http-nio-8080-exec-14] DEBUG top.whf.rbac.dao.SysLogLoginDao.selectPage - ==>  Preparing: SELECT id,username,ip,address,user_agent,status,operation,create_time FROM sys_log_login ORDER BY id DESC LIMIT ?
2023-04-25 16:43:25.049 [http-nio-8080-exec-14] DEBUG top.whf.rbac.dao.SysLogLoginDao.selectPage - ==> Parameters: 8(Long)
2023-04-25 16:43:25.051 [http-nio-8080-exec-14] DEBUG top.whf.rbac.dao.SysLogLoginDao.selectPage - <==      Total: 8
2023-04-25 16:44:08.075 [http-nio-8080-exec-23] DEBUG top.whf.rbac.dao.SysMenuDao.getMenuList - ==>  Preparing: SELECT * FROM sys_menu WHERE deleted = 0 AND type = ? ORDER BY sort
2023-04-25 16:44:08.075 [http-nio-8080-exec-23] DEBUG top.whf.rbac.dao.SysMenuDao.getMenuList - ==> Parameters: 0(Integer)
2023-04-25 16:44:08.085 [http-nio-8080-exec-23] DEBUG top.whf.rbac.dao.SysMenuDao.getMenuList - <==      Total: 10
2023-04-25 16:44:08.086 [http-nio-8080-exec-23] DEBUG top.whf.rbac.dao.SysMenuDao.getAuthorityList - ==>  Preparing: SELECT authority FROM sys_menu WHERE deleted = 0
2023-04-25 16:44:08.087 [http-nio-8080-exec-23] DEBUG top.whf.rbac.dao.SysMenuDao.getAuthorityList - ==> Parameters: 
2023-04-25 16:44:08.090 [http-nio-8080-exec-23] DEBUG top.whf.rbac.dao.SysMenuDao.getAuthorityList - <==      Total: 31
2023-04-25 16:52:46.312 [http-nio-8080-exec-16] DEBUG top.whf.rbac.dao.SysMenuDao.getMenuList - ==>  Preparing: SELECT * FROM sys_menu WHERE deleted = 0 AND type = ? ORDER BY sort
2023-04-25 16:52:46.312 [http-nio-8080-exec-16] DEBUG top.whf.rbac.dao.SysMenuDao.getMenuList - ==> Parameters: 0(Integer)
2023-04-25 16:52:46.318 [http-nio-8080-exec-16] DEBUG top.whf.rbac.dao.SysMenuDao.getMenuList - <==      Total: 10
2023-04-25 16:52:46.318 [http-nio-8080-exec-16] DEBUG top.whf.rbac.dao.SysMenuDao.getAuthorityList - ==>  Preparing: SELECT authority FROM sys_menu WHERE deleted = 0
2023-04-25 16:52:46.318 [http-nio-8080-exec-16] DEBUG top.whf.rbac.dao.SysMenuDao.getAuthorityList - ==> Parameters: 
2023-04-25 16:52:46.318 [http-nio-8080-exec-16] DEBUG top.whf.rbac.dao.SysMenuDao.getAuthorityList - <==      Total: 31
2023-04-25 16:53:07.525 [http-nio-8080-exec-2] DEBUG top.whf.rbac.dao.SysMenuDao.getMenuList - ==>  Preparing: SELECT * FROM sys_menu WHERE deleted = 0 AND type = ? ORDER BY sort
2023-04-25 16:53:07.525 [http-nio-8080-exec-2] DEBUG top.whf.rbac.dao.SysMenuDao.getMenuList - ==> Parameters: 0(Integer)
2023-04-25 16:53:07.528 [http-nio-8080-exec-2] DEBUG top.whf.rbac.dao.SysMenuDao.getMenuList - <==      Total: 10
2023-04-25 16:53:07.530 [http-nio-8080-exec-2] DEBUG top.whf.rbac.dao.SysMenuDao.getAuthorityList - ==>  Preparing: SELECT authority FROM sys_menu WHERE deleted = 0
2023-04-25 16:53:07.530 [http-nio-8080-exec-2] DEBUG top.whf.rbac.dao.SysMenuDao.getAuthorityList - ==> Parameters: 
2023-04-25 16:53:07.531 [http-nio-8080-exec-2] DEBUG top.whf.rbac.dao.SysMenuDao.getAuthorityList - <==      Total: 31
2023-04-25 16:59:30.623 [http-nio-8080-exec-2] DEBUG top.whf.rbac.dao.SysMenuDao.getMenuList - ==>  Preparing: SELECT * FROM sys_menu WHERE deleted = 0 AND type = ? ORDER BY sort
2023-04-25 16:59:30.624 [http-nio-8080-exec-2] DEBUG top.whf.rbac.dao.SysMenuDao.getMenuList - ==> Parameters: 0(Integer)
2023-04-25 16:59:30.628 [http-nio-8080-exec-2] DEBUG top.whf.rbac.dao.SysMenuDao.getMenuList - <==      Total: 10
2023-04-25 16:59:30.630 [http-nio-8080-exec-2] DEBUG top.whf.rbac.dao.SysMenuDao.getAuthorityList - ==>  Preparing: SELECT authority FROM sys_menu WHERE deleted = 0
2023-04-25 16:59:30.631 [http-nio-8080-exec-2] DEBUG top.whf.rbac.dao.SysMenuDao.getAuthorityList - ==> Parameters: 
2023-04-25 16:59:30.633 [http-nio-8080-exec-2] DEBUG top.whf.rbac.dao.SysMenuDao.getAuthorityList - <==      Total: 31
2023-04-25 17:05:56.324 [http-nio-8080-exec-26] DEBUG top.whf.rbac.dao.SysMenuDao.getMenuList - ==>  Preparing: SELECT * FROM sys_menu WHERE deleted = 0 AND type = ? ORDER BY sort
2023-04-25 17:05:56.325 [http-nio-8080-exec-26] DEBUG top.whf.rbac.dao.SysMenuDao.getMenuList - ==> Parameters: 0(Integer)
2023-04-25 17:05:56.334 [http-nio-8080-exec-26] DEBUG top.whf.rbac.dao.SysMenuDao.getMenuList - <==      Total: 10
2023-04-25 17:05:56.334 [http-nio-8080-exec-26] DEBUG top.whf.rbac.dao.SysMenuDao.getAuthorityList - ==>  Preparing: SELECT authority FROM sys_menu WHERE deleted = 0
2023-04-25 17:05:56.334 [http-nio-8080-exec-26] DEBUG top.whf.rbac.dao.SysMenuDao.getAuthorityList - ==> Parameters: 
2023-04-25 17:05:56.341 [http-nio-8080-exec-26] DEBUG top.whf.rbac.dao.SysMenuDao.getAuthorityList - <==      Total: 31
2023-04-25 17:06:04.129 [http-nio-8080-exec-3] DEBUG top.whf.dao.NoticeDao.selectPage_mpCount - ==>  Preparing: SELECT COUNT(*) AS total FROM t_notice WHERE deleted = 0
2023-04-25 17:06:04.129 [http-nio-8080-exec-3] DEBUG top.whf.dao.NoticeDao.selectPage_mpCount - ==> Parameters: 
2023-04-25 17:06:04.134 [http-nio-8080-exec-3] DEBUG top.whf.dao.NoticeDao.selectPage_mpCount - <==      Total: 1
2023-04-25 17:06:04.134 [http-nio-8080-exec-3] DEBUG top.whf.dao.NoticeDao.selectPage - ==>  Preparing: SELECT id,title,content,creator,create_time,updater,update_time,deleted FROM t_notice WHERE deleted=0 LIMIT ?
2023-04-25 17:06:04.134 [http-nio-8080-exec-3] DEBUG top.whf.dao.NoticeDao.selectPage - ==> Parameters: 12(Long)
2023-04-25 17:06:04.141 [http-nio-8080-exec-3] DEBUG top.whf.dao.NoticeDao.selectPage - <==      Total: 12
2023-04-25 17:06:16.007 [http-nio-8080-exec-6] DEBUG t.whf.rbac.dao.SysLogLoginDao.selectPage_mpCount - ==>  Preparing: SELECT COUNT(*) AS total FROM sys_log_login
2023-04-25 17:06:16.007 [http-nio-8080-exec-6] DEBUG t.whf.rbac.dao.SysLogLoginDao.selectPage_mpCount - ==> Parameters: 
2023-04-25 17:06:16.012 [http-nio-8080-exec-6] DEBUG t.whf.rbac.dao.SysLogLoginDao.selectPage_mpCount - <==      Total: 1
2023-04-25 17:06:16.012 [http-nio-8080-exec-6] DEBUG top.whf.rbac.dao.SysLogLoginDao.selectPage - ==>  Preparing: SELECT id,username,ip,address,user_agent,status,operation,create_time FROM sys_log_login ORDER BY id DESC LIMIT ?
2023-04-25 17:06:16.012 [http-nio-8080-exec-6] DEBUG top.whf.rbac.dao.SysLogLoginDao.selectPage - ==> Parameters: 8(Long)
2023-04-25 17:06:16.018 [http-nio-8080-exec-6] DEBUG top.whf.rbac.dao.SysLogLoginDao.selectPage - <==      Total: 8
2023-04-25 17:06:58.489 [http-nio-8080-exec-11] DEBUG top.whf.rbac.dao.SysUserDao.selectList - ==>  Preparing: SELECT id,username,password,real_name,avatar,gender,email,mobile,super_admin,status,creator,create_time,updater,update_time,deleted FROM sys_user WHERE deleted=0 AND (username = ?)
2023-04-25 17:06:58.489 [http-nio-8080-exec-11] DEBUG top.whf.rbac.dao.SysUserDao.selectList - ==> Parameters: admin(String)
2023-04-25 17:06:58.489 [http-nio-8080-exec-11] DEBUG top.whf.rbac.dao.SysUserDao.selectList - <==      Total: 1
2023-04-25 17:06:58.489 [http-nio-8080-exec-11] DEBUG top.whf.rbac.dao.SysMenuDao.getAuthorityList - ==>  Preparing: SELECT authority FROM sys_menu WHERE deleted = 0
2023-04-25 17:06:58.489 [http-nio-8080-exec-11] DEBUG top.whf.rbac.dao.SysMenuDao.getAuthorityList - ==> Parameters: 
2023-04-25 17:06:58.489 [http-nio-8080-exec-11] DEBUG top.whf.rbac.dao.SysMenuDao.getAuthorityList - <==      Total: 31
2023-04-25 17:06:58.589 [http-nio-8080-exec-11] DEBUG top.whf.rbac.dao.SysLogLoginDao.insert - ==>  Preparing: INSERT INTO sys_log_login ( username, ip, address, user_agent, status, operation, create_time ) VALUES ( ?, ?, ?, ?, ?, ?, ? )
2023-04-25 17:06:58.589 [http-nio-8080-exec-11] DEBUG top.whf.rbac.dao.SysLogLoginDao.insert - ==> Parameters: admin(String), 127.0.0.1(String), 内网IP(String), Mozilla/5.0 (Windows NT 10.0; Win64; x64) AppleWebKit/537.36 (KHTML, like Gecko) Chrome/112.0.0.0 Safari/537.36(String), 1(Integer), 0(Integer), 2023-04-25 17:06:58.588(Timestamp)
2023-04-25 17:06:58.589 [http-nio-8080-exec-11] DEBUG top.whf.rbac.dao.SysLogLoginDao.insert - <==    Updates: 1
2023-04-25 17:06:58.620 [http-nio-8080-exec-13] DEBUG top.whf.rbac.dao.SysMenuDao.getMenuList - ==>  Preparing: SELECT * FROM sys_menu WHERE deleted = 0 AND type = ? ORDER BY sort
2023-04-25 17:06:58.620 [http-nio-8080-exec-13] DEBUG top.whf.rbac.dao.SysMenuDao.getMenuList - ==> Parameters: 0(Integer)
2023-04-25 17:06:58.622 [http-nio-8080-exec-13] DEBUG top.whf.rbac.dao.SysMenuDao.getMenuList - <==      Total: 10
2023-04-25 17:06:58.622 [http-nio-8080-exec-13] DEBUG top.whf.rbac.dao.SysMenuDao.getAuthorityList - ==>  Preparing: SELECT authority FROM sys_menu WHERE deleted = 0
2023-04-25 17:06:58.622 [http-nio-8080-exec-13] DEBUG top.whf.rbac.dao.SysMenuDao.getAuthorityList - ==> Parameters: 
2023-04-25 17:06:58.627 [http-nio-8080-exec-13] DEBUG top.whf.rbac.dao.SysMenuDao.getAuthorityList - <==      Total: 31
2023-04-25 17:07:32.352 [http-nio-8080-exec-21] DEBUG top.whf.dao.NoticeDao.selectPage_mpCount - ==>  Preparing: SELECT COUNT(*) AS total FROM t_notice WHERE deleted = 0
2023-04-25 17:07:32.352 [http-nio-8080-exec-21] DEBUG top.whf.dao.NoticeDao.selectPage_mpCount - ==> Parameters: 
2023-04-25 17:07:32.352 [http-nio-8080-exec-21] DEBUG top.whf.dao.NoticeDao.selectPage_mpCount - <==      Total: 1
2023-04-25 17:07:32.356 [http-nio-8080-exec-21] DEBUG top.whf.dao.NoticeDao.selectPage - ==>  Preparing: SELECT id,title,content,creator,create_time,updater,update_time,deleted FROM t_notice WHERE deleted=0 LIMIT ?
2023-04-25 17:07:32.356 [http-nio-8080-exec-21] DEBUG top.whf.dao.NoticeDao.selectPage - ==> Parameters: 12(Long)
2023-04-25 17:07:32.360 [http-nio-8080-exec-21] DEBUG top.whf.dao.NoticeDao.selectPage - <==      Total: 12
2023-04-25 17:07:34.366 [http-nio-8080-exec-9] DEBUG t.whf.rbac.dao.SysLogLoginDao.selectPage_mpCount - ==>  Preparing: SELECT COUNT(*) AS total FROM sys_log_login
2023-04-25 17:07:34.366 [http-nio-8080-exec-9] DEBUG t.whf.rbac.dao.SysLogLoginDao.selectPage_mpCount - ==> Parameters: 
2023-04-25 17:07:34.370 [http-nio-8080-exec-9] DEBUG t.whf.rbac.dao.SysLogLoginDao.selectPage_mpCount - <==      Total: 1
2023-04-25 17:07:34.371 [http-nio-8080-exec-9] DEBUG top.whf.rbac.dao.SysLogLoginDao.selectPage - ==>  Preparing: SELECT id,username,ip,address,user_agent,status,operation,create_time FROM sys_log_login ORDER BY id DESC LIMIT ?
2023-04-25 17:07:34.373 [http-nio-8080-exec-9] DEBUG top.whf.rbac.dao.SysLogLoginDao.selectPage - ==> Parameters: 8(Long)
2023-04-25 17:07:34.373 [http-nio-8080-exec-9] DEBUG top.whf.rbac.dao.SysLogLoginDao.selectPage - <==      Total: 8
2023-04-25 19:52:48.354 [main] DEBUG top.whf.ServerApplication - Running with Spring Boot v3.0.5, Spring v6.0.7
2023-04-25 19:52:54.340 [main] DEBUG top.whf.security.filter.AuthenticationTokenFilter - Filter 'authenticationTokenFilter' configured for use
2023-04-25 19:54:19.582 [http-nio-8080-exec-4] DEBUG top.whf.rbac.dao.SysUserDao.selectList - ==>  Preparing: SELECT id,username,password,real_name,avatar,gender,email,mobile,super_admin,status,creator,create_time,updater,update_time,deleted FROM sys_user WHERE deleted=0 AND (username = ?)
2023-04-25 19:54:19.612 [http-nio-8080-exec-4] DEBUG top.whf.rbac.dao.SysUserDao.selectList - ==> Parameters: admin(String)
2023-04-25 19:54:19.651 [http-nio-8080-exec-4] DEBUG top.whf.rbac.dao.SysUserDao.selectList - <==      Total: 1
2023-04-25 19:54:19.666 [http-nio-8080-exec-4] DEBUG top.whf.rbac.dao.SysMenuDao.getAuthorityList - ==>  Preparing: SELECT authority FROM sys_menu WHERE deleted = 0
2023-04-25 19:54:19.667 [http-nio-8080-exec-4] DEBUG top.whf.rbac.dao.SysMenuDao.getAuthorityList - ==> Parameters: 
2023-04-25 19:54:19.674 [http-nio-8080-exec-4] DEBUG top.whf.rbac.dao.SysMenuDao.getAuthorityList - <==      Total: 31
2023-04-25 19:54:19.852 [http-nio-8080-exec-4] DEBUG top.whf.rbac.dao.SysLogLoginDao.insert - ==>  Preparing: INSERT INTO sys_log_login ( username, ip, address, user_agent, status, operation, create_time ) VALUES ( ?, ?, ?, ?, ?, ?, ? )
2023-04-25 19:54:19.854 [http-nio-8080-exec-4] DEBUG top.whf.rbac.dao.SysLogLoginDao.insert - ==> Parameters: admin(String), 127.0.0.1(String), 内网IP(String), Mozilla/5.0 (Windows NT 10.0; Win64; x64) AppleWebKit/537.36 (KHTML, like Gecko) Chrome/112.0.0.0 Safari/537.36(String), 1(Integer), 0(Integer), 2023-04-25 19:54:19.848(Timestamp)
2023-04-25 19:54:19.866 [http-nio-8080-exec-4] DEBUG top.whf.rbac.dao.SysLogLoginDao.insert - <==    Updates: 1
2023-04-25 19:54:20.555 [http-nio-8080-exec-8] DEBUG top.whf.rbac.dao.SysMenuDao.getMenuList - ==>  Preparing: SELECT * FROM sys_menu WHERE deleted = 0 AND type = ? ORDER BY sort
2023-04-25 19:54:20.556 [http-nio-8080-exec-8] DEBUG top.whf.rbac.dao.SysMenuDao.getMenuList - ==> Parameters: 0(Integer)
2023-04-25 19:54:20.563 [http-nio-8080-exec-8] DEBUG top.whf.rbac.dao.SysMenuDao.getMenuList - <==      Total: 10
2023-04-25 19:54:20.568 [http-nio-8080-exec-8] DEBUG top.whf.rbac.dao.SysMenuDao.getAuthorityList - ==>  Preparing: SELECT authority FROM sys_menu WHERE deleted = 0
2023-04-25 19:54:20.568 [http-nio-8080-exec-8] DEBUG top.whf.rbac.dao.SysMenuDao.getAuthorityList - ==> Parameters: 
2023-04-25 19:54:20.571 [http-nio-8080-exec-8] DEBUG top.whf.rbac.dao.SysMenuDao.getAuthorityList - <==      Total: 31
2023-04-25 19:54:40.158 [http-nio-8080-exec-9] DEBUG top.whf.rbac.dao.SysMenuDao.getMenuList - ==>  Preparing: SELECT * FROM sys_menu WHERE deleted = 0 AND type = ? ORDER BY sort
2023-04-25 19:54:40.159 [http-nio-8080-exec-9] DEBUG top.whf.rbac.dao.SysMenuDao.getMenuList - ==> Parameters: 0(Integer)
2023-04-25 19:54:40.168 [http-nio-8080-exec-9] DEBUG top.whf.rbac.dao.SysMenuDao.getMenuList - <==      Total: 10
2023-04-25 19:54:40.169 [http-nio-8080-exec-9] DEBUG top.whf.rbac.dao.SysMenuDao.getAuthorityList - ==>  Preparing: SELECT authority FROM sys_menu WHERE deleted = 0
2023-04-25 19:54:40.169 [http-nio-8080-exec-9] DEBUG top.whf.rbac.dao.SysMenuDao.getAuthorityList - ==> Parameters: 
2023-04-25 19:54:40.171 [http-nio-8080-exec-9] DEBUG top.whf.rbac.dao.SysMenuDao.getAuthorityList - <==      Total: 31
2023-04-25 19:54:49.799 [http-nio-8080-exec-22] DEBUG t.whf.rbac.dao.SysLogLoginDao.selectPage_mpCount - ==>  Preparing: SELECT COUNT(*) AS total FROM sys_log_login
2023-04-25 19:54:49.799 [http-nio-8080-exec-22] DEBUG t.whf.rbac.dao.SysLogLoginDao.selectPage_mpCount - ==> Parameters: 
2023-04-25 19:54:49.803 [http-nio-8080-exec-22] DEBUG t.whf.rbac.dao.SysLogLoginDao.selectPage_mpCount - <==      Total: 1
2023-04-25 19:54:49.810 [http-nio-8080-exec-22] DEBUG top.whf.rbac.dao.SysLogLoginDao.selectPage - ==>  Preparing: SELECT id,username,ip,address,user_agent,status,operation,create_time FROM sys_log_login ORDER BY id DESC LIMIT ?
2023-04-25 19:54:49.810 [http-nio-8080-exec-22] DEBUG top.whf.rbac.dao.SysLogLoginDao.selectPage - ==> Parameters: 8(Long)
2023-04-25 19:54:49.812 [http-nio-8080-exec-22] DEBUG top.whf.rbac.dao.SysLogLoginDao.selectPage - <==      Total: 8
2023-04-25 20:18:24.020 [http-nio-8080-exec-30] DEBUG top.whf.rbac.dao.SysMenuDao.getMenuList - ==>  Preparing: SELECT * FROM sys_menu WHERE deleted = 0 AND type = ? ORDER BY sort
2023-04-25 20:18:24.021 [http-nio-8080-exec-30] DEBUG top.whf.rbac.dao.SysMenuDao.getMenuList - ==> Parameters: 0(Integer)
2023-04-25 20:18:24.025 [http-nio-8080-exec-30] DEBUG top.whf.rbac.dao.SysMenuDao.getMenuList - <==      Total: 10
2023-04-25 20:18:24.026 [http-nio-8080-exec-30] DEBUG top.whf.rbac.dao.SysMenuDao.getAuthorityList - ==>  Preparing: SELECT authority FROM sys_menu WHERE deleted = 0
2023-04-25 20:18:24.026 [http-nio-8080-exec-30] DEBUG top.whf.rbac.dao.SysMenuDao.getAuthorityList - ==> Parameters: 
2023-04-25 20:18:24.028 [http-nio-8080-exec-30] DEBUG top.whf.rbac.dao.SysMenuDao.getAuthorityList - <==      Total: 31
2023-04-25 20:19:01.142 [http-nio-8080-exec-20] DEBUG top.whf.rbac.dao.SysMenuDao.getMenuList - ==>  Preparing: SELECT * FROM sys_menu WHERE deleted = 0 AND type = ? ORDER BY sort
2023-04-25 20:19:01.143 [http-nio-8080-exec-20] DEBUG top.whf.rbac.dao.SysMenuDao.getMenuList - ==> Parameters: 0(Integer)
2023-04-25 20:19:01.147 [http-nio-8080-exec-20] DEBUG top.whf.rbac.dao.SysMenuDao.getMenuList - <==      Total: 10
2023-04-25 20:19:01.149 [http-nio-8080-exec-20] DEBUG top.whf.rbac.dao.SysMenuDao.getAuthorityList - ==>  Preparing: SELECT authority FROM sys_menu WHERE deleted = 0
2023-04-25 20:19:01.149 [http-nio-8080-exec-20] DEBUG top.whf.rbac.dao.SysMenuDao.getAuthorityList - ==> Parameters: 
2023-04-25 20:19:01.155 [http-nio-8080-exec-20] DEBUG top.whf.rbac.dao.SysMenuDao.getAuthorityList - <==      Total: 31
2023-04-25 20:23:24.822 [http-nio-8080-exec-10] DEBUG top.whf.rbac.dao.SysMenuDao.getMenuList - ==>  Preparing: SELECT * FROM sys_menu WHERE deleted = 0 AND type = ? ORDER BY sort
2023-04-25 20:23:24.822 [http-nio-8080-exec-10] DEBUG top.whf.rbac.dao.SysMenuDao.getMenuList - ==> Parameters: 0(Integer)
2023-04-25 20:23:24.826 [http-nio-8080-exec-10] DEBUG top.whf.rbac.dao.SysMenuDao.getMenuList - <==      Total: 10
2023-04-25 20:23:24.828 [http-nio-8080-exec-10] DEBUG top.whf.rbac.dao.SysMenuDao.getAuthorityList - ==>  Preparing: SELECT authority FROM sys_menu WHERE deleted = 0
2023-04-25 20:23:24.828 [http-nio-8080-exec-10] DEBUG top.whf.rbac.dao.SysMenuDao.getAuthorityList - ==> Parameters: 
2023-04-25 20:23:24.831 [http-nio-8080-exec-10] DEBUG top.whf.rbac.dao.SysMenuDao.getAuthorityList - <==      Total: 31
2023-04-25 20:27:14.147 [http-nio-8080-exec-29] DEBUG top.whf.rbac.dao.SysMenuDao.getMenuList - ==>  Preparing: SELECT * FROM sys_menu WHERE deleted = 0 AND type = ? ORDER BY sort
2023-04-25 20:27:14.149 [http-nio-8080-exec-29] DEBUG top.whf.rbac.dao.SysMenuDao.getMenuList - ==> Parameters: 0(Integer)
2023-04-25 20:27:14.153 [http-nio-8080-exec-29] DEBUG top.whf.rbac.dao.SysMenuDao.getMenuList - <==      Total: 10
2023-04-25 20:27:14.155 [http-nio-8080-exec-29] DEBUG top.whf.rbac.dao.SysMenuDao.getAuthorityList - ==>  Preparing: SELECT authority FROM sys_menu WHERE deleted = 0
2023-04-25 20:27:14.156 [http-nio-8080-exec-29] DEBUG top.whf.rbac.dao.SysMenuDao.getAuthorityList - ==> Parameters: 
2023-04-25 20:27:14.158 [http-nio-8080-exec-29] DEBUG top.whf.rbac.dao.SysMenuDao.getAuthorityList - <==      Total: 31
2023-04-25 20:35:42.562 [http-nio-8080-exec-19] DEBUG top.whf.rbac.dao.SysMenuDao.getMenuList - ==>  Preparing: SELECT * FROM sys_menu WHERE deleted = 0 AND type = ? ORDER BY sort
2023-04-25 20:35:42.564 [http-nio-8080-exec-19] DEBUG top.whf.rbac.dao.SysMenuDao.getMenuList - ==> Parameters: 0(Integer)
2023-04-25 20:35:42.569 [http-nio-8080-exec-19] DEBUG top.whf.rbac.dao.SysMenuDao.getMenuList - <==      Total: 10
2023-04-25 20:35:42.571 [http-nio-8080-exec-19] DEBUG top.whf.rbac.dao.SysMenuDao.getAuthorityList - ==>  Preparing: SELECT authority FROM sys_menu WHERE deleted = 0
2023-04-25 20:35:42.572 [http-nio-8080-exec-19] DEBUG top.whf.rbac.dao.SysMenuDao.getAuthorityList - ==> Parameters: 
2023-04-25 20:35:42.573 [http-nio-8080-exec-19] DEBUG top.whf.rbac.dao.SysMenuDao.getAuthorityList - <==      Total: 31
2023-04-25 21:12:18.478 [http-nio-8080-exec-25] DEBUG top.whf.rbac.dao.SysMenuDao.getMenuList - ==>  Preparing: SELECT * FROM sys_menu WHERE deleted = 0 AND type = ? ORDER BY sort
2023-04-25 21:12:18.479 [http-nio-8080-exec-25] DEBUG top.whf.rbac.dao.SysMenuDao.getMenuList - ==> Parameters: 0(Integer)
2023-04-25 21:12:18.483 [http-nio-8080-exec-25] DEBUG top.whf.rbac.dao.SysMenuDao.getMenuList - <==      Total: 10
2023-04-25 21:12:18.486 [http-nio-8080-exec-25] DEBUG top.whf.rbac.dao.SysMenuDao.getAuthorityList - ==>  Preparing: SELECT authority FROM sys_menu WHERE deleted = 0
2023-04-25 21:12:18.486 [http-nio-8080-exec-25] DEBUG top.whf.rbac.dao.SysMenuDao.getAuthorityList - ==> Parameters: 
2023-04-25 21:12:18.488 [http-nio-8080-exec-25] DEBUG top.whf.rbac.dao.SysMenuDao.getAuthorityList - <==      Total: 31
2023-04-25 21:14:11.658 [http-nio-8080-exec-15] DEBUG top.whf.rbac.dao.SysMenuDao.getMenuList - ==>  Preparing: SELECT * FROM sys_menu WHERE deleted = 0 AND type = ? ORDER BY sort
2023-04-25 21:14:11.659 [http-nio-8080-exec-15] DEBUG top.whf.rbac.dao.SysMenuDao.getMenuList - ==> Parameters: 0(Integer)
2023-04-25 21:14:11.663 [http-nio-8080-exec-15] DEBUG top.whf.rbac.dao.SysMenuDao.getMenuList - <==      Total: 10
2023-04-25 21:14:11.664 [http-nio-8080-exec-15] DEBUG top.whf.rbac.dao.SysMenuDao.getAuthorityList - ==>  Preparing: SELECT authority FROM sys_menu WHERE deleted = 0
2023-04-25 21:14:11.665 [http-nio-8080-exec-15] DEBUG top.whf.rbac.dao.SysMenuDao.getAuthorityList - ==> Parameters: 
2023-04-25 21:14:11.666 [http-nio-8080-exec-15] DEBUG top.whf.rbac.dao.SysMenuDao.getAuthorityList - <==      Total: 31
2023-04-25 21:14:45.030 [http-nio-8080-exec-28] DEBUG top.whf.rbac.dao.SysMenuDao.getMenuList - ==>  Preparing: SELECT * FROM sys_menu WHERE deleted = 0 AND type = ? ORDER BY sort
2023-04-25 21:14:45.030 [http-nio-8080-exec-28] DEBUG top.whf.rbac.dao.SysMenuDao.getMenuList - ==> Parameters: 0(Integer)
2023-04-25 21:14:45.037 [http-nio-8080-exec-28] DEBUG top.whf.rbac.dao.SysMenuDao.getMenuList - <==      Total: 10
2023-04-25 21:14:45.040 [http-nio-8080-exec-28] DEBUG top.whf.rbac.dao.SysMenuDao.getAuthorityList - ==>  Preparing: SELECT authority FROM sys_menu WHERE deleted = 0
2023-04-25 21:14:45.041 [http-nio-8080-exec-28] DEBUG top.whf.rbac.dao.SysMenuDao.getAuthorityList - ==> Parameters: 
2023-04-25 21:14:45.043 [http-nio-8080-exec-28] DEBUG top.whf.rbac.dao.SysMenuDao.getAuthorityList - <==      Total: 31
2023-04-25 21:15:46.477 [http-nio-8080-exec-25] DEBUG top.whf.rbac.dao.SysUserDao.selectList - ==>  Preparing: SELECT id,username,password,real_name,avatar,gender,email,mobile,super_admin,status,creator,create_time,updater,update_time,deleted FROM sys_user WHERE deleted=0 AND (username = ?)
2023-04-25 21:15:46.478 [http-nio-8080-exec-25] DEBUG top.whf.rbac.dao.SysUserDao.selectList - ==> Parameters: admin(String)
2023-04-25 21:15:46.482 [http-nio-8080-exec-25] DEBUG top.whf.rbac.dao.SysUserDao.selectList - <==      Total: 1
2023-04-25 21:15:46.483 [http-nio-8080-exec-25] DEBUG top.whf.rbac.dao.SysMenuDao.getAuthorityList - ==>  Preparing: SELECT authority FROM sys_menu WHERE deleted = 0
2023-04-25 21:15:46.483 [http-nio-8080-exec-25] DEBUG top.whf.rbac.dao.SysMenuDao.getAuthorityList - ==> Parameters: 
2023-04-25 21:15:46.484 [http-nio-8080-exec-25] DEBUG top.whf.rbac.dao.SysMenuDao.getAuthorityList - <==      Total: 31
2023-04-25 21:15:46.591 [http-nio-8080-exec-25] DEBUG top.whf.rbac.dao.SysLogLoginDao.insert - ==>  Preparing: INSERT INTO sys_log_login ( username, ip, address, user_agent, status, operation, create_time ) VALUES ( ?, ?, ?, ?, ?, ?, ? )
2023-04-25 21:15:46.593 [http-nio-8080-exec-25] DEBUG top.whf.rbac.dao.SysLogLoginDao.insert - ==> Parameters: admin(String), 127.0.0.1(String), 内网IP(String), Mozilla/5.0 (Windows NT 10.0; Win64; x64) AppleWebKit/537.36 (KHTML, like Gecko) Chrome/112.0.0.0 Safari/537.36(String), 1(Integer), 0(Integer), 2023-04-25 21:15:46.59(Timestamp)
2023-04-25 21:15:46.597 [http-nio-8080-exec-25] DEBUG top.whf.rbac.dao.SysLogLoginDao.insert - <==    Updates: 1
2023-04-25 21:15:46.623 [http-nio-8080-exec-29] DEBUG top.whf.rbac.dao.SysMenuDao.getMenuList - ==>  Preparing: SELECT * FROM sys_menu WHERE deleted = 0 AND type = ? ORDER BY sort
2023-04-25 21:15:46.625 [http-nio-8080-exec-29] DEBUG top.whf.rbac.dao.SysMenuDao.getMenuList - ==> Parameters: 0(Integer)
2023-04-25 21:15:46.627 [http-nio-8080-exec-29] DEBUG top.whf.rbac.dao.SysMenuDao.getMenuList - <==      Total: 10
2023-04-25 21:15:46.628 [http-nio-8080-exec-29] DEBUG top.whf.rbac.dao.SysMenuDao.getAuthorityList - ==>  Preparing: SELECT authority FROM sys_menu WHERE deleted = 0
2023-04-25 21:15:46.628 [http-nio-8080-exec-29] DEBUG top.whf.rbac.dao.SysMenuDao.getAuthorityList - ==> Parameters: 
2023-04-25 21:15:46.629 [http-nio-8080-exec-29] DEBUG top.whf.rbac.dao.SysMenuDao.getAuthorityList - <==      Total: 31
