2023-04-23 20:06:24.080 [background-preinit] INFO  org.hibernate.validator.internal.util.Version - HV000001: Hibernate Validator 8.0.0.Final
2023-04-23 20:06:24.126 [main] INFO  top.whf.ServerApplication - Starting ServerApplication using Java 17.0.1 with PID 30068 (D:\Github\api-boot\api-server\target\classes started by 26570 in D:\Github\api-boot)
2023-04-23 20:06:24.127 [main] INFO  top.whf.ServerApplication - The following 1 profile is active: "dev"
2023-04-23 20:06:24.983 [main] INFO  o.s.d.r.config.RepositoryConfigurationDelegate - Multiple Spring Data modules found, entering strict repository configuration mode
2023-04-23 20:06:24.985 [main] INFO  o.s.d.r.config.RepositoryConfigurationDelegate - Bootstrapping Spring Data Redis repositories in DEFAULT mode.
2023-04-23 20:06:25.018 [main] INFO  o.s.d.r.config.RepositoryConfigurationDelegate - Finished Spring Data repository scanning in 20 ms. Found 0 Redis repository interfaces.
2023-04-23 20:06:25.638 [main] INFO  o.s.boot.web.embedded.tomcat.TomcatWebServer - Tomcat initialized with port(s): 8080 (http)
2023-04-23 20:06:25.639 [main] INFO  org.apache.catalina.core.AprLifecycleListener - An older version [1.2.35] of the Apache Tomcat Native library is installed, while Tomcat recommends a minimum version of [2.0.1]
2023-04-23 20:06:25.640 [main] INFO  org.apache.catalina.core.AprLifecycleListener - Loaded Apache Tomcat Native library [1.2.35] using APR version [1.7.0].
2023-04-23 20:06:25.643 [main] INFO  org.apache.catalina.core.AprLifecycleListener - OpenSSL successfully initialized [OpenSSL 1.1.1q  5 Jul 2022]
2023-04-23 20:06:25.651 [main] INFO  org.apache.coyote.http11.Http11NioProtocol - Initializing ProtocolHandler ["http-nio-8080"]
2023-04-23 20:06:25.652 [main] INFO  org.apache.catalina.core.StandardService - Starting service [Tomcat]
2023-04-23 20:06:25.653 [main] INFO  org.apache.catalina.core.StandardEngine - Starting Servlet engine: [Apache Tomcat/10.1.7]
2023-04-23 20:06:25.742 [main] INFO  o.a.c.core.ContainerBase.[Tomcat].[localhost].[/] - Initializing Spring embedded WebApplicationContext
2023-04-23 20:06:25.742 [main] INFO  o.s.b.w.s.c.ServletWebServerApplicationContext - Root WebApplicationContext: initialization completed in 1574 ms
2023-04-23 20:06:26.171 [main] INFO  org.apache.catalina.core.StandardService - Stopping service [Tomcat]
2023-04-23 20:06:26.189 [main] INFO  o.s.b.a.logging.ConditionEvaluationReportLogger - 

Error starting ApplicationContext. To display the condition evaluation report re-run your application with 'debug' enabled.
2023-04-23 20:12:59.860 [background-preinit] INFO  org.hibernate.validator.internal.util.Version - HV000001: Hibernate Validator 8.0.0.Final
2023-04-23 20:12:59.900 [main] INFO  top.whf.ServerApplication - Starting ServerApplication using Java 17.0.1 with PID 24120 (D:\Github\api-boot\api-server\target\classes started by 26570 in D:\Github\api-boot)
2023-04-23 20:12:59.901 [main] INFO  top.whf.ServerApplication - The following 1 profile is active: "dev"
2023-04-23 20:13:00.625 [main] INFO  o.s.d.r.config.RepositoryConfigurationDelegate - Multiple Spring Data modules found, entering strict repository configuration mode
2023-04-23 20:13:00.627 [main] INFO  o.s.d.r.config.RepositoryConfigurationDelegate - Bootstrapping Spring Data Redis repositories in DEFAULT mode.
2023-04-23 20:13:00.658 [main] INFO  o.s.d.r.config.RepositoryConfigurationDelegate - Finished Spring Data repository scanning in 20 ms. Found 0 Redis repository interfaces.
2023-04-23 20:13:01.256 [main] INFO  o.s.boot.web.embedded.tomcat.TomcatWebServer - Tomcat initialized with port(s): 8080 (http)
2023-04-23 20:13:01.257 [main] INFO  org.apache.catalina.core.AprLifecycleListener - An older version [1.2.35] of the Apache Tomcat Native library is installed, while Tomcat recommends a minimum version of [2.0.1]
2023-04-23 20:13:01.257 [main] INFO  org.apache.catalina.core.AprLifecycleListener - Loaded Apache Tomcat Native library [1.2.35] using APR version [1.7.0].
2023-04-23 20:13:01.259 [main] INFO  org.apache.catalina.core.AprLifecycleListener - OpenSSL successfully initialized [OpenSSL 1.1.1q  5 Jul 2022]
2023-04-23 20:13:01.266 [main] INFO  org.apache.coyote.http11.Http11NioProtocol - Initializing ProtocolHandler ["http-nio-8080"]
2023-04-23 20:13:01.267 [main] INFO  org.apache.catalina.core.StandardService - Starting service [Tomcat]
2023-04-23 20:13:01.268 [main] INFO  org.apache.catalina.core.StandardEngine - Starting Servlet engine: [Apache Tomcat/10.1.7]
2023-04-23 20:13:01.344 [main] INFO  o.a.c.core.ContainerBase.[Tomcat].[localhost].[/] - Initializing Spring embedded WebApplicationContext
2023-04-23 20:13:01.344 [main] INFO  o.s.b.w.s.c.ServletWebServerApplicationContext - Root WebApplicationContext: initialization completed in 1407 ms
2023-04-23 20:13:03.630 [main] INFO  o.s.security.web.DefaultSecurityFilterChain - Will secure any request with [org.springframework.security.web.session.DisableEncodeUrlFilter@62a41279, org.springframework.security.web.context.request.async.WebAsyncManagerIntegrationFilter@146fa9c0, org.springframework.security.web.context.SecurityContextHolderFilter@645c9f0f, org.springframework.security.web.header.HeaderWriterFilter@571db8b4, org.springframework.security.web.authentication.logout.LogoutFilter@7bef7505, top.whf.security.filter.AuthenticationTokenFilter@79d4ff58, org.springframework.security.web.savedrequest.RequestCacheAwareFilter@999cd18, org.springframework.security.web.servletapi.SecurityContextHolderAwareRequestFilter@dd060be, org.springframework.security.web.authentication.AnonymousAuthenticationFilter@49f6c25e, org.springframework.security.web.session.SessionManagementFilter@5972e3a, org.springframework.security.web.access.ExceptionTranslationFilter@77f7352a, org.springframework.security.web.access.intercept.AuthorizationFilter@3aeb267]
2023-04-23 20:13:03.995 [main] INFO  org.apache.coyote.http11.Http11NioProtocol - Starting ProtocolHandler ["http-nio-8080"]
2023-04-23 20:13:04.014 [main] INFO  o.s.boot.web.embedded.tomcat.TomcatWebServer - Tomcat started on port(s): 8080 (http) with context path ''
2023-04-23 20:13:04.023 [main] INFO  top.whf.ServerApplication - Started ServerApplication in 4.486 seconds (process running for 5.408)
2023-04-23 20:15:59.495 [http-nio-8080-exec-1] INFO  o.a.c.core.ContainerBase.[Tomcat].[localhost].[/] - Initializing Spring DispatcherServlet 'dispatcherServlet'
2023-04-23 20:15:59.495 [http-nio-8080-exec-1] INFO  org.springframework.web.servlet.DispatcherServlet - Initializing Servlet 'dispatcherServlet'
2023-04-23 20:15:59.497 [http-nio-8080-exec-1] INFO  org.springframework.web.servlet.DispatcherServlet - Completed initialization in 2 ms
2023-04-23 20:21:37.154 [background-preinit] INFO  org.hibernate.validator.internal.util.Version - HV000001: Hibernate Validator 8.0.0.Final
2023-04-23 20:21:37.194 [main] INFO  top.whf.ServerApplication - Starting ServerApplication using Java 17.0.1 with PID 4756 (D:\Github\api-boot\api-server\target\classes started by 26570 in D:\Github\api-boot)
2023-04-23 20:21:37.195 [main] INFO  top.whf.ServerApplication - The following 1 profile is active: "dev"
2023-04-23 20:21:37.928 [main] INFO  o.s.d.r.config.RepositoryConfigurationDelegate - Multiple Spring Data modules found, entering strict repository configuration mode
2023-04-23 20:21:37.930 [main] INFO  o.s.d.r.config.RepositoryConfigurationDelegate - Bootstrapping Spring Data Redis repositories in DEFAULT mode.
2023-04-23 20:21:37.961 [main] INFO  o.s.d.r.config.RepositoryConfigurationDelegate - Finished Spring Data repository scanning in 19 ms. Found 0 Redis repository interfaces.
2023-04-23 20:21:38.538 [main] INFO  o.s.boot.web.embedded.tomcat.TomcatWebServer - Tomcat initialized with port(s): 8080 (http)
2023-04-23 20:21:38.540 [main] INFO  org.apache.catalina.core.AprLifecycleListener - An older version [1.2.35] of the Apache Tomcat Native library is installed, while Tomcat recommends a minimum version of [2.0.1]
2023-04-23 20:21:38.540 [main] INFO  org.apache.catalina.core.AprLifecycleListener - Loaded Apache Tomcat Native library [1.2.35] using APR version [1.7.0].
2023-04-23 20:21:38.543 [main] INFO  org.apache.catalina.core.AprLifecycleListener - OpenSSL successfully initialized [OpenSSL 1.1.1q  5 Jul 2022]
2023-04-23 20:21:38.549 [main] INFO  org.apache.coyote.http11.Http11NioProtocol - Initializing ProtocolHandler ["http-nio-8080"]
2023-04-23 20:21:38.550 [main] INFO  org.apache.catalina.core.StandardService - Starting service [Tomcat]
2023-04-23 20:21:38.551 [main] INFO  org.apache.catalina.core.StandardEngine - Starting Servlet engine: [Apache Tomcat/10.1.7]
2023-04-23 20:21:38.647 [main] INFO  o.a.c.core.ContainerBase.[Tomcat].[localhost].[/] - Initializing Spring embedded WebApplicationContext
2023-04-23 20:21:38.647 [main] INFO  o.s.b.w.s.c.ServletWebServerApplicationContext - Root WebApplicationContext: initialization completed in 1416 ms
2023-04-23 20:21:40.877 [main] INFO  o.s.security.web.DefaultSecurityFilterChain - Will secure any request with [org.springframework.security.web.session.DisableEncodeUrlFilter@6d4c18b8, org.springframework.security.web.context.request.async.WebAsyncManagerIntegrationFilter@663622b1, org.springframework.security.web.context.SecurityContextHolderFilter@3bc6c10f, org.springframework.security.web.header.HeaderWriterFilter@6c13019c, org.springframework.security.web.authentication.logout.LogoutFilter@608eb42e, top.whf.security.filter.AuthenticationTokenFilter@2dd3d39d, org.springframework.security.web.savedrequest.RequestCacheAwareFilter@4040ccae, org.springframework.security.web.servletapi.SecurityContextHolderAwareRequestFilter@15bb8ed5, org.springframework.security.web.authentication.AnonymousAuthenticationFilter@1be52113, org.springframework.security.web.session.SessionManagementFilter@6fdaef04, org.springframework.security.web.access.ExceptionTranslationFilter@146fa9c0, org.springframework.security.web.access.intercept.AuthorizationFilter@3c46e6f6]
2023-04-23 20:21:41.275 [main] INFO  org.apache.coyote.http11.Http11NioProtocol - Starting ProtocolHandler ["http-nio-8080"]
2023-04-23 20:21:41.298 [main] INFO  o.s.boot.web.embedded.tomcat.TomcatWebServer - Tomcat started on port(s): 8080 (http) with context path ''
2023-04-23 20:21:41.308 [main] INFO  top.whf.ServerApplication - Started ServerApplication in 4.483 seconds (process running for 5.681)
2023-04-23 20:21:45.538 [http-nio-8080-exec-1] INFO  o.a.c.core.ContainerBase.[Tomcat].[localhost].[/] - Initializing Spring DispatcherServlet 'dispatcherServlet'
2023-04-23 20:21:45.538 [http-nio-8080-exec-1] INFO  org.springframework.web.servlet.DispatcherServlet - Initializing Servlet 'dispatcherServlet'
2023-04-23 20:21:45.539 [http-nio-8080-exec-1] INFO  org.springframework.web.servlet.DispatcherServlet - Completed initialization in 1 ms
2023-04-23 20:21:46.469 [http-nio-8080-exec-24] INFO  org.springdoc.api.AbstractOpenApiResource - Init duration for springdoc-openapi is: 188 ms
2023-04-23 20:22:11.088 [http-nio-8080-exec-10] INFO  com.zaxxer.hikari.HikariDataSource - MakuHikariCP - Starting...
2023-04-23 20:22:11.468 [http-nio-8080-exec-10] INFO  com.zaxxer.hikari.pool.HikariPool - MakuHikariCP - Added connection com.mysql.cj.jdbc.ConnectionImpl@1692aa5c
2023-04-23 20:22:11.469 [http-nio-8080-exec-10] INFO  com.zaxxer.hikari.HikariDataSource - MakuHikariCP - Start completed.
2023-04-23 20:31:12.548 [SpringApplicationShutdownHook] INFO  com.zaxxer.hikari.HikariDataSource - MakuHikariCP - Shutdown initiated...
2023-04-23 20:31:12.552 [SpringApplicationShutdownHook] INFO  com.zaxxer.hikari.HikariDataSource - MakuHikariCP - Shutdown completed.
2023-04-23 20:31:51.923 [background-preinit] INFO  org.hibernate.validator.internal.util.Version - HV000001: Hibernate Validator 8.0.0.Final
2023-04-23 20:31:51.967 [main] INFO  top.whf.ServerApplication - Starting ServerApplication using Java 17.0.1 with PID 22084 (D:\Github\api-boot\api-server\target\classes started by 26570 in D:\Github\api-boot)
2023-04-23 20:31:51.968 [main] INFO  top.whf.ServerApplication - The following 1 profile is active: "dev"
2023-04-23 20:31:52.828 [main] INFO  o.s.d.r.config.RepositoryConfigurationDelegate - Multiple Spring Data modules found, entering strict repository configuration mode
2023-04-23 20:31:52.830 [main] INFO  o.s.d.r.config.RepositoryConfigurationDelegate - Bootstrapping Spring Data Redis repositories in DEFAULT mode.
2023-04-23 20:31:52.865 [main] INFO  o.s.d.r.config.RepositoryConfigurationDelegate - Finished Spring Data repository scanning in 22 ms. Found 0 Redis repository interfaces.
2023-04-23 20:31:53.483 [main] INFO  o.s.boot.web.embedded.tomcat.TomcatWebServer - Tomcat initialized with port(s): 8080 (http)
2023-04-23 20:31:53.484 [main] INFO  org.apache.catalina.core.AprLifecycleListener - An older version [1.2.35] of the Apache Tomcat Native library is installed, while Tomcat recommends a minimum version of [2.0.1]
2023-04-23 20:31:53.484 [main] INFO  org.apache.catalina.core.AprLifecycleListener - Loaded Apache Tomcat Native library [1.2.35] using APR version [1.7.0].
2023-04-23 20:31:53.487 [main] INFO  org.apache.catalina.core.AprLifecycleListener - OpenSSL successfully initialized [OpenSSL 1.1.1q  5 Jul 2022]
2023-04-23 20:31:53.494 [main] INFO  org.apache.coyote.http11.Http11NioProtocol - Initializing ProtocolHandler ["http-nio-8080"]
2023-04-23 20:31:53.494 [main] INFO  org.apache.catalina.core.StandardService - Starting service [Tomcat]
2023-04-23 20:31:53.495 [main] INFO  org.apache.catalina.core.StandardEngine - Starting Servlet engine: [Apache Tomcat/10.1.7]
2023-04-23 20:31:53.571 [main] INFO  o.a.c.core.ContainerBase.[Tomcat].[localhost].[/] - Initializing Spring embedded WebApplicationContext
2023-04-23 20:31:53.572 [main] INFO  o.s.b.w.s.c.ServletWebServerApplicationContext - Root WebApplicationContext: initialization completed in 1563 ms
2023-04-23 20:31:55.906 [main] INFO  o.s.security.web.DefaultSecurityFilterChain - Will secure any request with [org.springframework.security.web.session.DisableEncodeUrlFilter@746fd19b, org.springframework.security.web.context.request.async.WebAsyncManagerIntegrationFilter@54caeadc, org.springframework.security.web.context.SecurityContextHolderFilter@2d8c729f, org.springframework.security.web.header.HeaderWriterFilter@7a47f0be, org.springframework.security.web.authentication.logout.LogoutFilter@40b01718, top.whf.security.filter.AuthenticationTokenFilter@559fd5ec, org.springframework.security.web.savedrequest.RequestCacheAwareFilter@430106cf, org.springframework.security.web.servletapi.SecurityContextHolderAwareRequestFilter@647af13d, org.springframework.security.web.authentication.AnonymousAuthenticationFilter@61d7bb61, org.springframework.security.web.session.SessionManagementFilter@38fc34fd, org.springframework.security.web.access.ExceptionTranslationFilter@74e2cfc5, org.springframework.security.web.access.intercept.AuthorizationFilter@338270ea]
2023-04-23 20:31:56.247 [main] INFO  org.apache.coyote.http11.Http11NioProtocol - Starting ProtocolHandler ["http-nio-8080"]
2023-04-23 20:31:56.265 [main] INFO  o.s.boot.web.embedded.tomcat.TomcatWebServer - Tomcat started on port(s): 8080 (http) with context path ''
2023-04-23 20:31:56.274 [main] INFO  top.whf.ServerApplication - Started ServerApplication in 4.722 seconds (process running for 5.692)
2023-04-23 20:32:02.474 [http-nio-8080-exec-1] INFO  o.a.c.core.ContainerBase.[Tomcat].[localhost].[/] - Initializing Spring DispatcherServlet 'dispatcherServlet'
2023-04-23 20:32:02.475 [http-nio-8080-exec-1] INFO  org.springframework.web.servlet.DispatcherServlet - Initializing Servlet 'dispatcherServlet'
2023-04-23 20:32:02.476 [http-nio-8080-exec-1] INFO  org.springframework.web.servlet.DispatcherServlet - Completed initialization in 1 ms
2023-04-23 20:32:03.393 [http-nio-8080-exec-24] INFO  org.springdoc.api.AbstractOpenApiResource - Init duration for springdoc-openapi is: 260 ms
2023-04-23 20:39:26.396 [http-nio-8080-exec-3] INFO  com.zaxxer.hikari.HikariDataSource - MakuHikariCP - Starting...
2023-04-23 20:39:26.684 [http-nio-8080-exec-3] INFO  com.zaxxer.hikari.pool.HikariPool - MakuHikariCP - Added connection com.mysql.cj.jdbc.ConnectionImpl@5941ecb6
2023-04-23 20:39:26.686 [http-nio-8080-exec-3] INFO  com.zaxxer.hikari.HikariDataSource - MakuHikariCP - Start completed.
2023-04-23 20:49:42.461 [SpringApplicationShutdownHook] INFO  com.zaxxer.hikari.HikariDataSource - MakuHikariCP - Shutdown initiated...
2023-04-23 20:49:42.465 [SpringApplicationShutdownHook] INFO  com.zaxxer.hikari.HikariDataSource - MakuHikariCP - Shutdown completed.
2023-04-23 20:49:52.186 [background-preinit] INFO  org.hibernate.validator.internal.util.Version - HV000001: Hibernate Validator 8.0.0.Final
2023-04-23 20:49:52.227 [main] INFO  top.whf.ServerApplication - Starting ServerApplication using Java 17.0.1 with PID 20868 (D:\Github\api-boot\api-server\target\classes started by 26570 in D:\Github\api-boot)
2023-04-23 20:49:52.228 [main] INFO  top.whf.ServerApplication - The following 1 profile is active: "dev"
2023-04-23 20:49:52.998 [main] INFO  o.s.d.r.config.RepositoryConfigurationDelegate - Multiple Spring Data modules found, entering strict repository configuration mode
2023-04-23 20:49:53.000 [main] INFO  o.s.d.r.config.RepositoryConfigurationDelegate - Bootstrapping Spring Data Redis repositories in DEFAULT mode.
2023-04-23 20:49:53.031 [main] INFO  o.s.d.r.config.RepositoryConfigurationDelegate - Finished Spring Data repository scanning in 19 ms. Found 0 Redis repository interfaces.
2023-04-23 20:49:53.678 [main] INFO  o.s.boot.web.embedded.tomcat.TomcatWebServer - Tomcat initialized with port(s): 8080 (http)
2023-04-23 20:49:53.679 [main] INFO  org.apache.catalina.core.AprLifecycleListener - An older version [1.2.35] of the Apache Tomcat Native library is installed, while Tomcat recommends a minimum version of [2.0.1]
2023-04-23 20:49:53.679 [main] INFO  org.apache.catalina.core.AprLifecycleListener - Loaded Apache Tomcat Native library [1.2.35] using APR version [1.7.0].
2023-04-23 20:49:53.682 [main] INFO  org.apache.catalina.core.AprLifecycleListener - OpenSSL successfully initialized [OpenSSL 1.1.1q  5 Jul 2022]
2023-04-23 20:49:53.689 [main] INFO  org.apache.coyote.http11.Http11NioProtocol - Initializing ProtocolHandler ["http-nio-8080"]
2023-04-23 20:49:53.690 [main] INFO  org.apache.catalina.core.StandardService - Starting service [Tomcat]
2023-04-23 20:49:53.690 [main] INFO  org.apache.catalina.core.StandardEngine - Starting Servlet engine: [Apache Tomcat/10.1.7]
2023-04-23 20:49:53.777 [main] INFO  o.a.c.core.ContainerBase.[Tomcat].[localhost].[/] - Initializing Spring embedded WebApplicationContext
2023-04-23 20:49:53.777 [main] INFO  o.s.b.w.s.c.ServletWebServerApplicationContext - Root WebApplicationContext: initialization completed in 1515 ms
2023-04-23 20:49:56.031 [main] INFO  o.s.security.web.DefaultSecurityFilterChain - Will secure any request with [org.springframework.security.web.session.DisableEncodeUrlFilter@29ba63f0, org.springframework.security.web.context.request.async.WebAsyncManagerIntegrationFilter@4822ab4d, org.springframework.security.web.context.SecurityContextHolderFilter@2e66f1bd, org.springframework.security.web.header.HeaderWriterFilter@41492479, org.springframework.security.web.authentication.logout.LogoutFilter@1805ca5c, top.whf.security.filter.AuthenticationTokenFilter@2c9cafa5, org.springframework.security.web.savedrequest.RequestCacheAwareFilter@3835b281, org.springframework.security.web.servletapi.SecurityContextHolderAwareRequestFilter@4c5e4bfa, org.springframework.security.web.authentication.AnonymousAuthenticationFilter@516b84d1, org.springframework.security.web.session.SessionManagementFilter@146fa9c0, org.springframework.security.web.access.ExceptionTranslationFilter@25110bb9, org.springframework.security.web.access.intercept.AuthorizationFilter@2358443e]
2023-04-23 20:49:56.385 [main] INFO  org.apache.coyote.http11.Http11NioProtocol - Starting ProtocolHandler ["http-nio-8080"]
2023-04-23 20:49:56.404 [main] INFO  o.s.boot.web.embedded.tomcat.TomcatWebServer - Tomcat started on port(s): 8080 (http) with context path ''
2023-04-23 20:49:56.412 [main] INFO  top.whf.ServerApplication - Started ServerApplication in 4.56 seconds (process running for 5.82)
2023-04-23 20:50:10.493 [http-nio-8080-exec-1] INFO  o.a.c.core.ContainerBase.[Tomcat].[localhost].[/] - Initializing Spring DispatcherServlet 'dispatcherServlet'
2023-04-23 20:50:10.493 [http-nio-8080-exec-1] INFO  org.springframework.web.servlet.DispatcherServlet - Initializing Servlet 'dispatcherServlet'
2023-04-23 20:50:10.495 [http-nio-8080-exec-1] INFO  org.springframework.web.servlet.DispatcherServlet - Completed initialization in 2 ms
2023-04-23 20:50:11.325 [http-nio-8080-exec-24] INFO  org.springdoc.api.AbstractOpenApiResource - Init duration for springdoc-openapi is: 284 ms
2023-04-23 20:51:11.822 [http-nio-8080-exec-17] INFO  com.zaxxer.hikari.HikariDataSource - MakuHikariCP - Starting...
2023-04-23 20:51:12.195 [http-nio-8080-exec-17] INFO  com.zaxxer.hikari.pool.HikariPool - MakuHikariCP - Added connection com.mysql.cj.jdbc.ConnectionImpl@4496f388
2023-04-23 20:51:12.197 [http-nio-8080-exec-17] INFO  com.zaxxer.hikari.HikariDataSource - MakuHikariCP - Start completed.
2023-04-23 20:55:24.911 [SpringApplicationShutdownHook] INFO  com.zaxxer.hikari.HikariDataSource - MakuHikariCP - Shutdown initiated...
2023-04-23 20:55:24.915 [SpringApplicationShutdownHook] INFO  com.zaxxer.hikari.HikariDataSource - MakuHikariCP - Shutdown completed.
2023-04-23 20:55:34.709 [background-preinit] INFO  org.hibernate.validator.internal.util.Version - HV000001: Hibernate Validator 8.0.0.Final
2023-04-23 20:55:34.751 [main] INFO  top.whf.ServerApplication - Starting ServerApplication using Java 17.0.1 with PID 17312 (D:\Github\api-boot\api-server\target\classes started by 26570 in D:\Github\api-boot)
2023-04-23 20:55:34.752 [main] INFO  top.whf.ServerApplication - The following 1 profile is active: "dev"
2023-04-23 20:55:35.722 [main] INFO  o.s.d.r.config.RepositoryConfigurationDelegate - Multiple Spring Data modules found, entering strict repository configuration mode
2023-04-23 20:55:35.724 [main] INFO  o.s.d.r.config.RepositoryConfigurationDelegate - Bootstrapping Spring Data Redis repositories in DEFAULT mode.
2023-04-23 20:55:35.758 [main] INFO  o.s.d.r.config.RepositoryConfigurationDelegate - Finished Spring Data repository scanning in 20 ms. Found 0 Redis repository interfaces.
2023-04-23 20:55:36.466 [main] INFO  o.s.boot.web.embedded.tomcat.TomcatWebServer - Tomcat initialized with port(s): 8080 (http)
2023-04-23 20:55:36.467 [main] INFO  org.apache.catalina.core.AprLifecycleListener - An older version [1.2.35] of the Apache Tomcat Native library is installed, while Tomcat recommends a minimum version of [2.0.1]
2023-04-23 20:55:36.468 [main] INFO  org.apache.catalina.core.AprLifecycleListener - Loaded Apache Tomcat Native library [1.2.35] using APR version [1.7.0].
2023-04-23 20:55:36.474 [main] INFO  org.apache.catalina.core.AprLifecycleListener - OpenSSL successfully initialized [OpenSSL 1.1.1q  5 Jul 2022]
2023-04-23 20:55:36.483 [main] INFO  org.apache.coyote.http11.Http11NioProtocol - Initializing ProtocolHandler ["http-nio-8080"]
2023-04-23 20:55:36.483 [main] INFO  org.apache.catalina.core.StandardService - Starting service [Tomcat]
2023-04-23 20:55:36.484 [main] INFO  org.apache.catalina.core.StandardEngine - Starting Servlet engine: [Apache Tomcat/10.1.7]
2023-04-23 20:55:36.601 [main] INFO  o.a.c.core.ContainerBase.[Tomcat].[localhost].[/] - Initializing Spring embedded WebApplicationContext
2023-04-23 20:55:36.604 [main] INFO  o.s.b.w.s.c.ServletWebServerApplicationContext - Root WebApplicationContext: initialization completed in 1811 ms
2023-04-23 20:55:39.514 [main] INFO  o.s.security.web.DefaultSecurityFilterChain - Will secure any request with [org.springframework.security.web.session.DisableEncodeUrlFilter@3991fe6d, org.springframework.security.web.context.request.async.WebAsyncManagerIntegrationFilter@3a0e7f89, org.springframework.security.web.context.SecurityContextHolderFilter@2aac6fa7, org.springframework.security.web.header.HeaderWriterFilter@2a5d2041, org.springframework.security.web.authentication.logout.LogoutFilter@5badeda0, top.whf.security.filter.AuthenticationTokenFilter@20027c44, org.springframework.security.web.savedrequest.RequestCacheAwareFilter@625db0e0, org.springframework.security.web.servletapi.SecurityContextHolderAwareRequestFilter@511d568f, org.springframework.security.web.authentication.AnonymousAuthenticationFilter@665ed71a, org.springframework.security.web.session.SessionManagementFilter@740ee00f, org.springframework.security.web.access.ExceptionTranslationFilter@4f7ef948, org.springframework.security.web.access.intercept.AuthorizationFilter@54caeadc]
2023-04-23 20:55:39.934 [main] INFO  org.apache.coyote.http11.Http11NioProtocol - Starting ProtocolHandler ["http-nio-8080"]
2023-04-23 20:55:39.959 [main] INFO  o.s.boot.web.embedded.tomcat.TomcatWebServer - Tomcat started on port(s): 8080 (http) with context path ''
2023-04-23 20:55:39.970 [main] INFO  top.whf.ServerApplication - Started ServerApplication in 5.737 seconds (process running for 7.113)
2023-04-23 20:55:40.982 [http-nio-8080-exec-1] INFO  o.a.c.core.ContainerBase.[Tomcat].[localhost].[/] - Initializing Spring DispatcherServlet 'dispatcherServlet'
2023-04-23 20:55:40.982 [http-nio-8080-exec-1] INFO  org.springframework.web.servlet.DispatcherServlet - Initializing Servlet 'dispatcherServlet'
2023-04-23 20:55:40.983 [http-nio-8080-exec-1] INFO  org.springframework.web.servlet.DispatcherServlet - Completed initialization in 1 ms
2023-04-23 20:55:48.619 [http-nio-8080-exec-22] INFO  org.springdoc.api.AbstractOpenApiResource - Init duration for springdoc-openapi is: 256 ms
2023-04-23 20:56:30.883 [http-nio-8080-exec-13] INFO  com.zaxxer.hikari.HikariDataSource - MakuHikariCP - Starting...
2023-04-23 20:56:31.217 [http-nio-8080-exec-13] INFO  com.zaxxer.hikari.pool.HikariPool - MakuHikariCP - Added connection com.mysql.cj.jdbc.ConnectionImpl@6272fcca
2023-04-23 20:56:31.220 [http-nio-8080-exec-13] INFO  com.zaxxer.hikari.HikariDataSource - MakuHikariCP - Start completed.
2023-04-23 21:03:14.521 [SpringApplicationShutdownHook] INFO  com.zaxxer.hikari.HikariDataSource - MakuHikariCP - Shutdown initiated...
2023-04-23 21:03:14.524 [SpringApplicationShutdownHook] INFO  com.zaxxer.hikari.HikariDataSource - MakuHikariCP - Shutdown completed.
2023-04-23 21:03:23.433 [background-preinit] INFO  org.hibernate.validator.internal.util.Version - HV000001: Hibernate Validator 8.0.0.Final
2023-04-23 21:03:23.473 [main] INFO  top.whf.ServerApplication - Starting ServerApplication using Java 17.0.1 with PID 28764 (D:\Github\api-boot\api-server\target\classes started by 26570 in D:\Github\api-boot)
2023-04-23 21:03:23.474 [main] INFO  top.whf.ServerApplication - The following 1 profile is active: "dev"
2023-04-23 21:03:24.264 [main] INFO  o.s.d.r.config.RepositoryConfigurationDelegate - Multiple Spring Data modules found, entering strict repository configuration mode
2023-04-23 21:03:24.266 [main] INFO  o.s.d.r.config.RepositoryConfigurationDelegate - Bootstrapping Spring Data Redis repositories in DEFAULT mode.
2023-04-23 21:03:24.308 [main] INFO  o.s.d.r.config.RepositoryConfigurationDelegate - Finished Spring Data repository scanning in 30 ms. Found 0 Redis repository interfaces.
2023-04-23 21:03:24.916 [main] INFO  o.s.boot.web.embedded.tomcat.TomcatWebServer - Tomcat initialized with port(s): 8080 (http)
2023-04-23 21:03:24.916 [main] INFO  org.apache.catalina.core.AprLifecycleListener - An older version [1.2.35] of the Apache Tomcat Native library is installed, while Tomcat recommends a minimum version of [2.0.1]
2023-04-23 21:03:24.917 [main] INFO  org.apache.catalina.core.AprLifecycleListener - Loaded Apache Tomcat Native library [1.2.35] using APR version [1.7.0].
2023-04-23 21:03:24.919 [main] INFO  org.apache.catalina.core.AprLifecycleListener - OpenSSL successfully initialized [OpenSSL 1.1.1q  5 Jul 2022]
2023-04-23 21:03:24.926 [main] INFO  org.apache.coyote.http11.Http11NioProtocol - Initializing ProtocolHandler ["http-nio-8080"]
2023-04-23 21:03:24.927 [main] INFO  org.apache.catalina.core.StandardService - Starting service [Tomcat]
2023-04-23 21:03:24.929 [main] INFO  org.apache.catalina.core.StandardEngine - Starting Servlet engine: [Apache Tomcat/10.1.7]
2023-04-23 21:03:25.019 [main] INFO  o.a.c.core.ContainerBase.[Tomcat].[localhost].[/] - Initializing Spring embedded WebApplicationContext
2023-04-23 21:03:25.019 [main] INFO  o.s.b.w.s.c.ServletWebServerApplicationContext - Root WebApplicationContext: initialization completed in 1510 ms
2023-04-23 21:03:27.330 [main] INFO  o.s.security.web.DefaultSecurityFilterChain - Will secure any request with [org.springframework.security.web.session.DisableEncodeUrlFilter@75c77add, org.springframework.security.web.context.request.async.WebAsyncManagerIntegrationFilter@d5e3f55, org.springframework.security.web.context.SecurityContextHolderFilter@29ba63f0, org.springframework.security.web.header.HeaderWriterFilter@647af13d, org.springframework.security.web.authentication.logout.LogoutFilter@23954300, top.whf.security.filter.AuthenticationTokenFilter@642c72cf, org.springframework.security.web.savedrequest.RequestCacheAwareFilter@516b84d1, org.springframework.security.web.servletapi.SecurityContextHolderAwareRequestFilter@1ad1f167, org.springframework.security.web.authentication.AnonymousAuthenticationFilter@53df7e67, org.springframework.security.web.session.SessionManagementFilter@2358443e, org.springframework.security.web.access.ExceptionTranslationFilter@740ee00f, org.springframework.security.web.access.intercept.AuthorizationFilter@73316a0a]
2023-04-23 21:03:27.674 [main] INFO  org.apache.coyote.http11.Http11NioProtocol - Starting ProtocolHandler ["http-nio-8080"]
2023-04-23 21:03:27.709 [main] INFO  o.s.boot.web.embedded.tomcat.TomcatWebServer - Tomcat started on port(s): 8080 (http) with context path ''
2023-04-23 21:03:27.721 [main] INFO  top.whf.ServerApplication - Started ServerApplication in 4.62 seconds (process running for 5.637)
2023-04-23 21:03:44.083 [background-preinit] INFO  org.hibernate.validator.internal.util.Version - HV000001: Hibernate Validator 8.0.0.Final
2023-04-23 21:03:44.123 [main] INFO  top.whf.ServerApplication - Starting ServerApplication using Java 17.0.1 with PID 29100 (D:\Github\api-boot\api-server\target\classes started by 26570 in D:\Github\api-boot)
2023-04-23 21:03:44.125 [main] INFO  top.whf.ServerApplication - The following 1 profile is active: "dev"
2023-04-23 21:03:44.877 [main] INFO  o.s.d.r.config.RepositoryConfigurationDelegate - Multiple Spring Data modules found, entering strict repository configuration mode
2023-04-23 21:03:44.879 [main] INFO  o.s.d.r.config.RepositoryConfigurationDelegate - Bootstrapping Spring Data Redis repositories in DEFAULT mode.
2023-04-23 21:03:44.912 [main] INFO  o.s.d.r.config.RepositoryConfigurationDelegate - Finished Spring Data repository scanning in 21 ms. Found 0 Redis repository interfaces.
2023-04-23 21:03:45.496 [main] INFO  o.s.boot.web.embedded.tomcat.TomcatWebServer - Tomcat initialized with port(s): 8080 (http)
2023-04-23 21:03:45.497 [main] INFO  org.apache.catalina.core.AprLifecycleListener - An older version [1.2.35] of the Apache Tomcat Native library is installed, while Tomcat recommends a minimum version of [2.0.1]
2023-04-23 21:03:45.497 [main] INFO  org.apache.catalina.core.AprLifecycleListener - Loaded Apache Tomcat Native library [1.2.35] using APR version [1.7.0].
2023-04-23 21:03:45.500 [main] INFO  org.apache.catalina.core.AprLifecycleListener - OpenSSL successfully initialized [OpenSSL 1.1.1q  5 Jul 2022]
2023-04-23 21:03:45.507 [main] INFO  org.apache.coyote.http11.Http11NioProtocol - Initializing ProtocolHandler ["http-nio-8080"]
2023-04-23 21:03:45.508 [main] INFO  org.apache.catalina.core.StandardService - Starting service [Tomcat]
2023-04-23 21:03:45.508 [main] INFO  org.apache.catalina.core.StandardEngine - Starting Servlet engine: [Apache Tomcat/10.1.7]
2023-04-23 21:03:45.587 [main] INFO  o.a.c.core.ContainerBase.[Tomcat].[localhost].[/] - Initializing Spring embedded WebApplicationContext
2023-04-23 21:03:45.588 [main] INFO  o.s.b.w.s.c.ServletWebServerApplicationContext - Root WebApplicationContext: initialization completed in 1425 ms
2023-04-23 21:03:47.903 [main] INFO  o.s.security.web.DefaultSecurityFilterChain - Will secure any request with [org.springframework.security.web.session.DisableEncodeUrlFilter@248d2cec, org.springframework.security.web.context.request.async.WebAsyncManagerIntegrationFilter@5d77be8e, org.springframework.security.web.context.SecurityContextHolderFilter@7a587e84, org.springframework.security.web.header.HeaderWriterFilter@56a9a7b5, org.springframework.security.web.authentication.logout.LogoutFilter@2a504ea7, top.whf.security.filter.AuthenticationTokenFilter@4e6cbdf1, org.springframework.security.web.savedrequest.RequestCacheAwareFilter@6b2f7527, org.springframework.security.web.servletapi.SecurityContextHolderAwareRequestFilter@7509226c, org.springframework.security.web.authentication.AnonymousAuthenticationFilter@55a055cc, org.springframework.security.web.session.SessionManagementFilter@15c1b543, org.springframework.security.web.access.ExceptionTranslationFilter@1be52113, org.springframework.security.web.access.intercept.AuthorizationFilter@18ac25e6]
2023-04-23 21:03:48.280 [main] INFO  org.apache.coyote.http11.Http11NioProtocol - Starting ProtocolHandler ["http-nio-8080"]
2023-04-23 21:03:48.300 [main] INFO  o.s.boot.web.embedded.tomcat.TomcatWebServer - Tomcat started on port(s): 8080 (http) with context path ''
2023-04-23 21:03:48.310 [main] INFO  top.whf.ServerApplication - Started ServerApplication in 4.574 seconds (process running for 5.53)
2023-04-23 21:04:20.578 [http-nio-8080-exec-1] INFO  o.a.c.core.ContainerBase.[Tomcat].[localhost].[/] - Initializing Spring DispatcherServlet 'dispatcherServlet'
2023-04-23 21:04:20.578 [http-nio-8080-exec-1] INFO  org.springframework.web.servlet.DispatcherServlet - Initializing Servlet 'dispatcherServlet'
2023-04-23 21:04:20.581 [http-nio-8080-exec-1] INFO  org.springframework.web.servlet.DispatcherServlet - Completed initialization in 2 ms
2023-04-23 21:04:21.539 [http-nio-8080-exec-23] INFO  org.springdoc.api.AbstractOpenApiResource - Init duration for springdoc-openapi is: 328 ms
2023-04-23 21:04:54.148 [http-nio-8080-exec-17] INFO  com.zaxxer.hikari.HikariDataSource - MakuHikariCP - Starting...
2023-04-23 21:04:54.446 [http-nio-8080-exec-17] INFO  com.zaxxer.hikari.pool.HikariPool - MakuHikariCP - Added connection com.mysql.cj.jdbc.ConnectionImpl@734729a0
2023-04-23 21:04:54.448 [http-nio-8080-exec-17] INFO  com.zaxxer.hikari.HikariDataSource - MakuHikariCP - Start completed.
2023-04-23 21:18:11.151 [SpringApplicationShutdownHook] INFO  com.zaxxer.hikari.HikariDataSource - MakuHikariCP - Shutdown initiated...
2023-04-23 21:18:11.165 [SpringApplicationShutdownHook] INFO  com.zaxxer.hikari.HikariDataSource - MakuHikariCP - Shutdown completed.
2023-04-23 21:18:23.666 [background-preinit] INFO  org.hibernate.validator.internal.util.Version - HV000001: Hibernate Validator 8.0.0.Final
2023-04-23 21:18:23.713 [main] INFO  top.whf.ServerApplication - Starting ServerApplication using Java 17.0.1 with PID 21320 (D:\Github\api-boot\api-server\target\classes started by 26570 in D:\Github\api-boot)
2023-04-23 21:18:23.714 [main] INFO  top.whf.ServerApplication - The following 1 profile is active: "dev"
2023-04-23 21:18:24.613 [main] INFO  o.s.d.r.config.RepositoryConfigurationDelegate - Multiple Spring Data modules found, entering strict repository configuration mode
2023-04-23 21:18:24.615 [main] INFO  o.s.d.r.config.RepositoryConfigurationDelegate - Bootstrapping Spring Data Redis repositories in DEFAULT mode.
2023-04-23 21:18:24.659 [main] INFO  o.s.d.r.config.RepositoryConfigurationDelegate - Finished Spring Data repository scanning in 29 ms. Found 0 Redis repository interfaces.
2023-04-23 21:18:25.341 [main] INFO  o.s.boot.web.embedded.tomcat.TomcatWebServer - Tomcat initialized with port(s): 8080 (http)
2023-04-23 21:18:25.342 [main] INFO  org.apache.catalina.core.AprLifecycleListener - An older version [1.2.35] of the Apache Tomcat Native library is installed, while Tomcat recommends a minimum version of [2.0.1]
2023-04-23 21:18:25.342 [main] INFO  org.apache.catalina.core.AprLifecycleListener - Loaded Apache Tomcat Native library [1.2.35] using APR version [1.7.0].
2023-04-23 21:18:25.344 [main] INFO  org.apache.catalina.core.AprLifecycleListener - OpenSSL successfully initialized [OpenSSL 1.1.1q  5 Jul 2022]
2023-04-23 21:18:25.352 [main] INFO  org.apache.coyote.http11.Http11NioProtocol - Initializing ProtocolHandler ["http-nio-8080"]
2023-04-23 21:18:25.353 [main] INFO  org.apache.catalina.core.StandardService - Starting service [Tomcat]
2023-04-23 21:18:25.353 [main] INFO  org.apache.catalina.core.StandardEngine - Starting Servlet engine: [Apache Tomcat/10.1.7]
2023-04-23 21:18:25.445 [main] INFO  o.a.c.core.ContainerBase.[Tomcat].[localhost].[/] - Initializing Spring embedded WebApplicationContext
2023-04-23 21:18:25.445 [main] INFO  o.s.b.w.s.c.ServletWebServerApplicationContext - Root WebApplicationContext: initialization completed in 1688 ms
2023-04-23 21:18:28.000 [main] INFO  o.s.security.web.DefaultSecurityFilterChain - Will secure any request with [org.springframework.security.web.session.DisableEncodeUrlFilter@6a6a2fdd, org.springframework.security.web.context.request.async.WebAsyncManagerIntegrationFilter@552ffa44, org.springframework.security.web.context.SecurityContextHolderFilter@4f9213d2, org.springframework.security.web.header.HeaderWriterFilter@240f2efd, org.springframework.security.web.authentication.logout.LogoutFilter@53d9af1, top.whf.security.filter.AuthenticationTokenFilter@7686f701, org.springframework.security.web.savedrequest.RequestCacheAwareFilter@6b5e1fc5, org.springframework.security.web.servletapi.SecurityContextHolderAwareRequestFilter@47ffa248, org.springframework.security.web.authentication.AnonymousAuthenticationFilter@6e66b498, org.springframework.security.web.session.SessionManagementFilter@2a504ea7, org.springframework.security.web.access.ExceptionTranslationFilter@231d3ce, org.springframework.security.web.access.intercept.AuthorizationFilter@57ed02e6]
2023-04-23 21:18:28.517 [main] INFO  org.apache.coyote.http11.Http11NioProtocol - Starting ProtocolHandler ["http-nio-8080"]
2023-04-23 21:18:28.543 [main] INFO  o.s.boot.web.embedded.tomcat.TomcatWebServer - Tomcat started on port(s): 8080 (http) with context path ''
2023-04-23 21:18:28.555 [main] INFO  top.whf.ServerApplication - Started ServerApplication in 5.268 seconds (process running for 6.819)
2023-04-23 21:18:29.375 [http-nio-8080-exec-1] INFO  o.a.c.core.ContainerBase.[Tomcat].[localhost].[/] - Initializing Spring DispatcherServlet 'dispatcherServlet'
2023-04-23 21:18:29.376 [http-nio-8080-exec-1] INFO  org.springframework.web.servlet.DispatcherServlet - Initializing Servlet 'dispatcherServlet'
2023-04-23 21:18:29.377 [http-nio-8080-exec-1] INFO  org.springframework.web.servlet.DispatcherServlet - Completed initialization in 1 ms
2023-04-23 21:18:30.459 [http-nio-8080-exec-24] INFO  org.springdoc.api.AbstractOpenApiResource - Init duration for springdoc-openapi is: 368 ms
2023-04-23 21:19:19.475 [http-nio-8080-exec-9] INFO  com.zaxxer.hikari.HikariDataSource - MakuHikariCP - Starting...
2023-04-23 21:19:19.765 [http-nio-8080-exec-9] INFO  com.zaxxer.hikari.pool.HikariPool - MakuHikariCP - Added connection com.mysql.cj.jdbc.ConnectionImpl@3700e075
2023-04-23 21:19:19.767 [http-nio-8080-exec-9] INFO  com.zaxxer.hikari.HikariDataSource - MakuHikariCP - Start completed.
2023-04-23 21:29:35.845 [SpringApplicationShutdownHook] INFO  com.zaxxer.hikari.HikariDataSource - MakuHikariCP - Shutdown initiated...
2023-04-23 21:29:35.849 [SpringApplicationShutdownHook] INFO  com.zaxxer.hikari.HikariDataSource - MakuHikariCP - Shutdown completed.
2023-04-23 21:29:44.450 [background-preinit] INFO  org.hibernate.validator.internal.util.Version - HV000001: Hibernate Validator 8.0.0.Final
2023-04-23 21:29:44.508 [main] INFO  top.whf.ServerApplication - Starting ServerApplication using Java 17.0.1 with PID 28676 (D:\Github\api-boot\api-server\target\classes started by 26570 in D:\Github\api-boot)
2023-04-23 21:29:44.509 [main] INFO  top.whf.ServerApplication - The following 1 profile is active: "dev"
2023-04-23 21:29:45.437 [main] INFO  o.s.d.r.config.RepositoryConfigurationDelegate - Multiple Spring Data modules found, entering strict repository configuration mode
2023-04-23 21:29:45.440 [main] INFO  o.s.d.r.config.RepositoryConfigurationDelegate - Bootstrapping Spring Data Redis repositories in DEFAULT mode.
2023-04-23 21:29:45.479 [main] INFO  o.s.d.r.config.RepositoryConfigurationDelegate - Finished Spring Data repository scanning in 26 ms. Found 0 Redis repository interfaces.
2023-04-23 21:29:46.238 [main] INFO  o.s.boot.web.embedded.tomcat.TomcatWebServer - Tomcat initialized with port(s): 8080 (http)
2023-04-23 21:29:46.240 [main] INFO  org.apache.catalina.core.AprLifecycleListener - An older version [1.2.35] of the Apache Tomcat Native library is installed, while Tomcat recommends a minimum version of [2.0.1]
2023-04-23 21:29:46.240 [main] INFO  org.apache.catalina.core.AprLifecycleListener - Loaded Apache Tomcat Native library [1.2.35] using APR version [1.7.0].
2023-04-23 21:29:46.243 [main] INFO  org.apache.catalina.core.AprLifecycleListener - OpenSSL successfully initialized [OpenSSL 1.1.1q  5 Jul 2022]
2023-04-23 21:29:46.252 [main] INFO  org.apache.coyote.http11.Http11NioProtocol - Initializing ProtocolHandler ["http-nio-8080"]
2023-04-23 21:29:46.253 [main] INFO  org.apache.catalina.core.StandardService - Starting service [Tomcat]
2023-04-23 21:29:46.254 [main] INFO  org.apache.catalina.core.StandardEngine - Starting Servlet engine: [Apache Tomcat/10.1.7]
2023-04-23 21:29:46.400 [main] INFO  o.a.c.core.ContainerBase.[Tomcat].[localhost].[/] - Initializing Spring embedded WebApplicationContext
2023-04-23 21:29:46.400 [main] INFO  o.s.b.w.s.c.ServletWebServerApplicationContext - Root WebApplicationContext: initialization completed in 1849 ms
2023-04-23 21:29:49.256 [main] INFO  o.s.security.web.DefaultSecurityFilterChain - Will secure any request with [org.springframework.security.web.session.DisableEncodeUrlFilter@78d61f17, org.springframework.security.web.context.request.async.WebAsyncManagerIntegrationFilter@4cfe9594, org.springframework.security.web.context.SecurityContextHolderFilter@3d4b45b, org.springframework.security.web.header.HeaderWriterFilter@665ed71a, org.springframework.security.web.authentication.logout.LogoutFilter@5d77be8e, top.whf.security.filter.AuthenticationTokenFilter@678586f0, org.springframework.security.web.savedrequest.RequestCacheAwareFilter@31531d0d, org.springframework.security.web.servletapi.SecurityContextHolderAwareRequestFilter@19d76106, org.springframework.security.web.authentication.AnonymousAuthenticationFilter@60861e5d, org.springframework.security.web.session.SessionManagementFilter@75c77add, org.springframework.security.web.access.ExceptionTranslationFilter@3991fe6d, org.springframework.security.web.access.intercept.AuthorizationFilter@10d49900]
2023-04-23 21:29:49.767 [main] INFO  org.apache.coyote.http11.Http11NioProtocol - Starting ProtocolHandler ["http-nio-8080"]
2023-04-23 21:29:49.790 [main] INFO  o.s.boot.web.embedded.tomcat.TomcatWebServer - Tomcat started on port(s): 8080 (http) with context path ''
2023-04-23 21:29:49.800 [main] INFO  top.whf.ServerApplication - Started ServerApplication in 5.826 seconds (process running for 7.291)
2023-04-23 21:29:49.842 [http-nio-8080-exec-1] INFO  o.a.c.core.ContainerBase.[Tomcat].[localhost].[/] - Initializing Spring DispatcherServlet 'dispatcherServlet'
2023-04-23 21:29:49.842 [http-nio-8080-exec-1] INFO  org.springframework.web.servlet.DispatcherServlet - Initializing Servlet 'dispatcherServlet'
2023-04-23 21:29:49.843 [http-nio-8080-exec-1] INFO  org.springframework.web.servlet.DispatcherServlet - Completed initialization in 1 ms
2023-04-23 21:29:52.551 [http-nio-8080-exec-14] INFO  org.springdoc.api.AbstractOpenApiResource - Init duration for springdoc-openapi is: 393 ms
2023-04-23 21:30:27.598 [http-nio-8080-exec-16] INFO  com.zaxxer.hikari.HikariDataSource - MakuHikariCP - Starting...
2023-04-23 21:30:27.910 [http-nio-8080-exec-16] INFO  com.zaxxer.hikari.pool.HikariPool - MakuHikariCP - Added connection com.mysql.cj.jdbc.ConnectionImpl@541d7e87
2023-04-23 21:30:27.912 [http-nio-8080-exec-16] INFO  com.zaxxer.hikari.HikariDataSource - MakuHikariCP - Start completed.
