2023-04-25 14:14:34.394 [background-preinit] INFO  org.hibernate.validator.internal.util.Version - HV000001: Hibernate Validator 8.0.0.Final
2023-04-25 14:14:34.444 [main] INFO  top.whf.ServerApplication - Starting ServerApplication using Java 17.0.1 with PID 18744 (D:\Github\api-boot\api-server\target\classes started by 26570 in D:\Github\api-boot)
2023-04-25 14:14:34.447 [main] INFO  top.whf.ServerApplication - The following 1 profile is active: "dev"
2023-04-25 14:14:35.388 [main] INFO  o.s.d.r.config.RepositoryConfigurationDelegate - Multiple Spring Data modules found, entering strict repository configuration mode
2023-04-25 14:14:35.391 [main] INFO  o.s.d.r.config.RepositoryConfigurationDelegate - Bootstrapping Spring Data Redis repositories in DEFAULT mode.
2023-04-25 14:14:35.435 [main] INFO  o.s.d.r.config.RepositoryConfigurationDelegate - Finished Spring Data repository scanning in 28 ms. Found 0 Redis repository interfaces.
2023-04-25 14:14:36.098 [main] INFO  o.s.boot.web.embedded.tomcat.TomcatWebServer - Tomcat initialized with port(s): 8080 (http)
2023-04-25 14:14:36.098 [main] INFO  org.apache.catalina.core.AprLifecycleListener - An older version [1.2.35] of the Apache Tomcat Native library is installed, while Tomcat recommends a minimum version of [2.0.1]
2023-04-25 14:14:36.099 [main] INFO  org.apache.catalina.core.AprLifecycleListener - Loaded Apache Tomcat Native library [1.2.35] using APR version [1.7.0].
2023-04-25 14:14:36.109 [main] INFO  org.apache.catalina.core.AprLifecycleListener - OpenSSL successfully initialized [OpenSSL 1.1.1q  5 Jul 2022]
2023-04-25 14:14:36.118 [main] INFO  org.apache.coyote.http11.Http11NioProtocol - Initializing ProtocolHandler ["http-nio-8080"]
2023-04-25 14:14:36.118 [main] INFO  org.apache.catalina.core.StandardService - Starting service [Tomcat]
2023-04-25 14:14:36.119 [main] INFO  org.apache.catalina.core.StandardEngine - Starting Servlet engine: [Apache Tomcat/10.1.7]
2023-04-25 14:14:36.216 [main] INFO  o.a.c.core.ContainerBase.[Tomcat].[localhost].[/] - Initializing Spring embedded WebApplicationContext
2023-04-25 14:14:36.217 [main] INFO  o.s.b.w.s.c.ServletWebServerApplicationContext - Root WebApplicationContext: initialization completed in 1724 ms
2023-04-25 14:14:39.490 [main] INFO  o.s.security.web.DefaultSecurityFilterChain - Will secure any request with [org.springframework.security.web.session.DisableEncodeUrlFilter@5b1420f9, org.springframework.security.web.context.request.async.WebAsyncManagerIntegrationFilter@434ee422, org.springframework.security.web.context.SecurityContextHolderFilter@5d77be8e, org.springframework.security.web.header.HeaderWriterFilter@6081f330, org.springframework.security.web.authentication.logout.LogoutFilter@39004e4f, top.whf.security.filter.AuthenticationTokenFilter@4afdfc0f, org.springframework.security.web.savedrequest.RequestCacheAwareFilter@1ab1d93d, org.springframework.security.web.servletapi.SecurityContextHolderAwareRequestFilter@57167ccb, org.springframework.security.web.authentication.AnonymousAuthenticationFilter@4de93edd, org.springframework.security.web.session.SessionManagementFilter@5e1a7d3, org.springframework.security.web.access.ExceptionTranslationFilter@10fc1a22, org.springframework.security.web.access.intercept.AuthorizationFilter@45abbd24]
2023-04-25 14:14:39.973 [main] INFO  org.apache.coyote.http11.Http11NioProtocol - Starting ProtocolHandler ["http-nio-8080"]
2023-04-25 14:14:39.995 [main] INFO  o.s.boot.web.embedded.tomcat.TomcatWebServer - Tomcat started on port(s): 8080 (http) with context path ''
2023-04-25 14:14:40.006 [main] INFO  top.whf.ServerApplication - Started ServerApplication in 5.978 seconds (process running for 7.157)
2023-04-25 14:14:49.455 [http-nio-8080-exec-1] INFO  o.a.c.core.ContainerBase.[Tomcat].[localhost].[/] - Initializing Spring DispatcherServlet 'dispatcherServlet'
2023-04-25 14:14:49.455 [http-nio-8080-exec-1] INFO  org.springframework.web.servlet.DispatcherServlet - Initializing Servlet 'dispatcherServlet'
2023-04-25 14:14:49.458 [http-nio-8080-exec-1] INFO  org.springframework.web.servlet.DispatcherServlet - Completed initialization in 2 ms
2023-04-25 14:14:57.055 [http-nio-8080-exec-25] INFO  org.springdoc.api.AbstractOpenApiResource - Init duration for springdoc-openapi is: 343 ms
2023-04-25 14:15:59.674 [http-nio-8080-exec-9] INFO  com.zaxxer.hikari.HikariDataSource - MakuHikariCP - Starting...
2023-04-25 14:16:00.263 [http-nio-8080-exec-9] INFO  com.zaxxer.hikari.pool.HikariPool - MakuHikariCP - Added connection com.mysql.cj.jdbc.ConnectionImpl@3b5c0244
2023-04-25 14:16:00.266 [http-nio-8080-exec-9] INFO  com.zaxxer.hikari.HikariDataSource - MakuHikariCP - Start completed.
2023-04-25 14:57:54.900 [SpringApplicationShutdownHook] INFO  com.zaxxer.hikari.HikariDataSource - MakuHikariCP - Shutdown initiated...
2023-04-25 14:57:54.905 [SpringApplicationShutdownHook] INFO  com.zaxxer.hikari.HikariDataSource - MakuHikariCP - Shutdown completed.
2023-04-25 14:58:06.691 [background-preinit] INFO  org.hibernate.validator.internal.util.Version - HV000001: Hibernate Validator 8.0.0.Final
2023-04-25 14:58:06.749 [main] INFO  top.whf.ServerApplication - Starting ServerApplication using Java 17.0.1 with PID 23796 (D:\Github\api-boot\api-server\target\classes started by 26570 in D:\Github\api-boot)
2023-04-25 14:58:06.750 [main] INFO  top.whf.ServerApplication - The following 1 profile is active: "dev"
2023-04-25 14:58:07.850 [main] INFO  o.s.d.r.config.RepositoryConfigurationDelegate - Multiple Spring Data modules found, entering strict repository configuration mode
2023-04-25 14:58:07.852 [main] INFO  o.s.d.r.config.RepositoryConfigurationDelegate - Bootstrapping Spring Data Redis repositories in DEFAULT mode.
2023-04-25 14:58:07.894 [main] INFO  o.s.d.r.config.RepositoryConfigurationDelegate - Finished Spring Data repository scanning in 27 ms. Found 0 Redis repository interfaces.
2023-04-25 14:58:08.650 [main] INFO  o.s.boot.web.embedded.tomcat.TomcatWebServer - Tomcat initialized with port(s): 8080 (http)
2023-04-25 14:58:08.651 [main] INFO  org.apache.catalina.core.AprLifecycleListener - An older version [1.2.35] of the Apache Tomcat Native library is installed, while Tomcat recommends a minimum version of [2.0.1]
2023-04-25 14:58:08.651 [main] INFO  org.apache.catalina.core.AprLifecycleListener - Loaded Apache Tomcat Native library [1.2.35] using APR version [1.7.0].
2023-04-25 14:58:08.654 [main] INFO  org.apache.catalina.core.AprLifecycleListener - OpenSSL successfully initialized [OpenSSL 1.1.1q  5 Jul 2022]
2023-04-25 14:58:08.664 [main] INFO  org.apache.coyote.http11.Http11NioProtocol - Initializing ProtocolHandler ["http-nio-8080"]
2023-04-25 14:58:08.665 [main] INFO  org.apache.catalina.core.StandardService - Starting service [Tomcat]
2023-04-25 14:58:08.666 [main] INFO  org.apache.catalina.core.StandardEngine - Starting Servlet engine: [Apache Tomcat/10.1.7]
2023-04-25 14:58:08.785 [main] INFO  o.a.c.core.ContainerBase.[Tomcat].[localhost].[/] - Initializing Spring embedded WebApplicationContext
2023-04-25 14:58:08.786 [main] INFO  o.s.b.w.s.c.ServletWebServerApplicationContext - Root WebApplicationContext: initialization completed in 1986 ms
2023-04-25 14:58:11.747 [main] INFO  o.s.security.web.DefaultSecurityFilterChain - Will secure any request with [org.springframework.security.web.session.DisableEncodeUrlFilter@5f0ca069, org.springframework.security.web.context.request.async.WebAsyncManagerIntegrationFilter@6a6a2fdd, org.springframework.security.web.context.SecurityContextHolderFilter@33a3e5db, org.springframework.security.web.header.HeaderWriterFilter@204c5ddf, org.springframework.security.web.authentication.logout.LogoutFilter@c1386b4, top.whf.security.filter.AuthenticationTokenFilter@4dd1548e, org.springframework.security.web.savedrequest.RequestCacheAwareFilter@679f59f1, org.springframework.security.web.servletapi.SecurityContextHolderAwareRequestFilter@6b5e1fc5, org.springframework.security.web.authentication.AnonymousAuthenticationFilter@552ffa44, org.springframework.security.web.session.SessionManagementFilter@45273d40, org.springframework.security.web.access.ExceptionTranslationFilter@2ba318c2, org.springframework.security.web.access.intercept.AuthorizationFilter@4fef5792]
2023-04-25 14:58:12.164 [main] INFO  org.apache.coyote.http11.Http11NioProtocol - Starting ProtocolHandler ["http-nio-8080"]
2023-04-25 14:58:12.195 [main] INFO  o.s.boot.web.embedded.tomcat.TomcatWebServer - Tomcat started on port(s): 8080 (http) with context path ''
2023-04-25 14:58:12.207 [main] INFO  top.whf.ServerApplication - Started ServerApplication in 5.987 seconds (process running for 7.524)
2023-04-25 14:58:12.308 [http-nio-8080-exec-1] INFO  o.a.c.core.ContainerBase.[Tomcat].[localhost].[/] - Initializing Spring DispatcherServlet 'dispatcherServlet'
2023-04-25 14:58:12.308 [http-nio-8080-exec-1] INFO  org.springframework.web.servlet.DispatcherServlet - Initializing Servlet 'dispatcherServlet'
2023-04-25 14:58:12.310 [http-nio-8080-exec-1] INFO  org.springframework.web.servlet.DispatcherServlet - Completed initialization in 2 ms
2023-04-25 14:58:56.226 [http-nio-8080-exec-9] INFO  com.zaxxer.hikari.HikariDataSource - MakuHikariCP - Starting...
2023-04-25 14:58:56.627 [http-nio-8080-exec-9] INFO  com.zaxxer.hikari.pool.HikariPool - MakuHikariCP - Added connection com.mysql.cj.jdbc.ConnectionImpl@bcf90f8
2023-04-25 14:58:56.629 [http-nio-8080-exec-9] INFO  com.zaxxer.hikari.HikariDataSource - MakuHikariCP - Start completed.
2023-04-25 15:00:03.367 [http-nio-8080-exec-9] INFO  org.springdoc.api.AbstractOpenApiResource - Init duration for springdoc-openapi is: 583 ms
2023-04-25 15:24:03.920 [lettuce-nioEventLoop-4-1] INFO  io.lettuce.core.protocol.CommandHandler - null Unexpected exception during request: java.net.SocketException: Connection reset
java.net.SocketException: Connection reset
	at java.base/sun.nio.ch.SocketChannelImpl.throwConnectionReset(SocketChannelImpl.java:394)
	at java.base/sun.nio.ch.SocketChannelImpl.read(SocketChannelImpl.java:426)
	at io.netty.buffer.PooledByteBuf.setBytes(PooledByteBuf.java:256)
	at io.netty.buffer.AbstractByteBuf.writeBytes(AbstractByteBuf.java:1132)
	at io.netty.channel.socket.nio.NioSocketChannel.doReadBytes(NioSocketChannel.java:357)
	at io.netty.channel.nio.AbstractNioByteChannel$NioByteUnsafe.read(AbstractNioByteChannel.java:151)
	at io.netty.channel.nio.NioEventLoop.processSelectedKey(NioEventLoop.java:788)
	at io.netty.channel.nio.NioEventLoop.processSelectedKeysOptimized(NioEventLoop.java:724)
	at io.netty.channel.nio.NioEventLoop.processSelectedKeys(NioEventLoop.java:650)
	at io.netty.channel.nio.NioEventLoop.run(NioEventLoop.java:562)
	at io.netty.util.concurrent.SingleThreadEventExecutor$4.run(SingleThreadEventExecutor.java:997)
	at io.netty.util.internal.ThreadExecutorMap$2.run(ThreadExecutorMap.java:74)
	at io.netty.util.concurrent.FastThreadLocalRunnable.run(FastThreadLocalRunnable.java:30)
	at java.base/java.lang.Thread.run(Thread.java:833)
2023-04-25 15:24:04.004 [lettuce-eventExecutorLoop-1-1] INFO  io.lettuce.core.protocol.ConnectionWatchdog - Reconnecting, last destination was localhost/127.0.0.1:6379
2023-04-25 15:24:09.296 [lettuce-eventExecutorLoop-1-4] INFO  io.lettuce.core.protocol.ConnectionWatchdog - Reconnecting, last destination was localhost/<unresolved>:6379
2023-04-25 15:24:13.399 [lettuce-nioEventLoop-4-6] INFO  io.lettuce.core.protocol.ReconnectionHandler - Reconnected to localhost/<unresolved>:6379
2023-04-25 15:28:12.743 [SpringApplicationShutdownHook] INFO  com.zaxxer.hikari.HikariDataSource - MakuHikariCP - Shutdown initiated...
2023-04-25 15:28:12.748 [SpringApplicationShutdownHook] INFO  com.zaxxer.hikari.HikariDataSource - MakuHikariCP - Shutdown completed.
2023-04-25 15:28:16.804 [background-preinit] INFO  org.hibernate.validator.internal.util.Version - HV000001: Hibernate Validator 8.0.0.Final
2023-04-25 15:28:16.843 [main] INFO  top.whf.ServerApplication - Starting ServerApplication using Java 17.0.1 with PID 25852 (D:\Github\api-boot\api-server\target\classes started by 26570 in D:\Github\api-boot)
2023-04-25 15:28:16.844 [main] INFO  top.whf.ServerApplication - The following 1 profile is active: "dev"
2023-04-25 15:28:17.647 [main] INFO  o.s.d.r.config.RepositoryConfigurationDelegate - Multiple Spring Data modules found, entering strict repository configuration mode
2023-04-25 15:28:17.649 [main] INFO  o.s.d.r.config.RepositoryConfigurationDelegate - Bootstrapping Spring Data Redis repositories in DEFAULT mode.
2023-04-25 15:28:17.689 [main] INFO  o.s.d.r.config.RepositoryConfigurationDelegate - Finished Spring Data repository scanning in 26 ms. Found 0 Redis repository interfaces.
2023-04-25 15:28:18.333 [main] INFO  o.s.boot.web.embedded.tomcat.TomcatWebServer - Tomcat initialized with port(s): 8080 (http)
2023-04-25 15:28:18.334 [main] INFO  org.apache.catalina.core.AprLifecycleListener - An older version [1.2.35] of the Apache Tomcat Native library is installed, while Tomcat recommends a minimum version of [2.0.1]
2023-04-25 15:28:18.334 [main] INFO  org.apache.catalina.core.AprLifecycleListener - Loaded Apache Tomcat Native library [1.2.35] using APR version [1.7.0].
2023-04-25 15:28:18.338 [main] INFO  org.apache.catalina.core.AprLifecycleListener - OpenSSL successfully initialized [OpenSSL 1.1.1q  5 Jul 2022]
2023-04-25 15:28:18.346 [main] INFO  org.apache.coyote.http11.Http11NioProtocol - Initializing ProtocolHandler ["http-nio-8080"]
2023-04-25 15:28:18.347 [main] INFO  org.apache.catalina.core.StandardService - Starting service [Tomcat]
2023-04-25 15:28:18.347 [main] INFO  org.apache.catalina.core.StandardEngine - Starting Servlet engine: [Apache Tomcat/10.1.7]
2023-04-25 15:28:18.431 [main] INFO  o.a.c.core.ContainerBase.[Tomcat].[localhost].[/] - Initializing Spring embedded WebApplicationContext
2023-04-25 15:28:18.431 [main] INFO  o.s.b.w.s.c.ServletWebServerApplicationContext - Root WebApplicationContext: initialization completed in 1551 ms
2023-04-25 15:28:20.792 [main] INFO  o.s.security.web.DefaultSecurityFilterChain - Will secure any request with [org.springframework.security.web.session.DisableEncodeUrlFilter@43df1377, org.springframework.security.web.context.request.async.WebAsyncManagerIntegrationFilter@1cee3e05, org.springframework.security.web.context.SecurityContextHolderFilter@4fef5792, org.springframework.security.web.header.HeaderWriterFilter@7f3e9acc, org.springframework.security.web.authentication.logout.LogoutFilter@20afd96f, top.whf.security.filter.AuthenticationTokenFilter@1109730f, org.springframework.security.web.savedrequest.RequestCacheAwareFilter@39004e4f, org.springframework.security.web.servletapi.SecurityContextHolderAwareRequestFilter@5f0ca069, org.springframework.security.web.authentication.AnonymousAuthenticationFilter@63f2d024, org.springframework.security.web.session.SessionManagementFilter@5d68be4f, org.springframework.security.web.access.ExceptionTranslationFilter@60861e5d, org.springframework.security.web.access.intercept.AuthorizationFilter@5db04bd2]
2023-04-25 15:28:21.121 [main] INFO  org.apache.coyote.http11.Http11NioProtocol - Starting ProtocolHandler ["http-nio-8080"]
2023-04-25 15:28:21.145 [main] INFO  o.s.boot.web.embedded.tomcat.TomcatWebServer - Tomcat started on port(s): 8080 (http) with context path ''
2023-04-25 15:28:21.155 [main] INFO  top.whf.ServerApplication - Started ServerApplication in 4.705 seconds (process running for 5.743)
2023-04-25 15:28:31.086 [http-nio-8080-exec-2] INFO  o.a.c.core.ContainerBase.[Tomcat].[localhost].[/] - Initializing Spring DispatcherServlet 'dispatcherServlet'
2023-04-25 15:28:31.086 [http-nio-8080-exec-2] INFO  org.springframework.web.servlet.DispatcherServlet - Initializing Servlet 'dispatcherServlet'
2023-04-25 15:28:31.088 [http-nio-8080-exec-2] INFO  org.springframework.web.servlet.DispatcherServlet - Completed initialization in 0 ms
2023-04-25 15:29:08.822 [http-nio-8080-exec-26] INFO  org.springdoc.api.AbstractOpenApiResource - Init duration for springdoc-openapi is: 436 ms
2023-04-25 15:30:00.554 [http-nio-8080-exec-14] INFO  com.zaxxer.hikari.HikariDataSource - MakuHikariCP - Starting...
2023-04-25 15:30:00.939 [http-nio-8080-exec-14] INFO  com.zaxxer.hikari.pool.HikariPool - MakuHikariCP - Added connection com.mysql.cj.jdbc.ConnectionImpl@778e8f6d
2023-04-25 15:30:00.941 [http-nio-8080-exec-14] INFO  com.zaxxer.hikari.HikariDataSource - MakuHikariCP - Start completed.
2023-04-25 15:38:09.540 [lettuce-nioEventLoop-4-1] INFO  io.lettuce.core.protocol.CommandHandler - null Unexpected exception during request: java.net.SocketException: Connection reset
java.net.SocketException: Connection reset
	at java.base/sun.nio.ch.SocketChannelImpl.throwConnectionReset(SocketChannelImpl.java:394)
	at java.base/sun.nio.ch.SocketChannelImpl.read(SocketChannelImpl.java:426)
	at io.netty.buffer.PooledByteBuf.setBytes(PooledByteBuf.java:256)
	at io.netty.buffer.AbstractByteBuf.writeBytes(AbstractByteBuf.java:1132)
	at io.netty.channel.socket.nio.NioSocketChannel.doReadBytes(NioSocketChannel.java:357)
	at io.netty.channel.nio.AbstractNioByteChannel$NioByteUnsafe.read(AbstractNioByteChannel.java:151)
	at io.netty.channel.nio.NioEventLoop.processSelectedKey(NioEventLoop.java:788)
	at io.netty.channel.nio.NioEventLoop.processSelectedKeysOptimized(NioEventLoop.java:724)
	at io.netty.channel.nio.NioEventLoop.processSelectedKeys(NioEventLoop.java:650)
	at io.netty.channel.nio.NioEventLoop.run(NioEventLoop.java:562)
	at io.netty.util.concurrent.SingleThreadEventExecutor$4.run(SingleThreadEventExecutor.java:997)
	at io.netty.util.internal.ThreadExecutorMap$2.run(ThreadExecutorMap.java:74)
	at io.netty.util.concurrent.FastThreadLocalRunnable.run(FastThreadLocalRunnable.java:30)
	at java.base/java.lang.Thread.run(Thread.java:833)
2023-04-25 15:38:09.643 [lettuce-eventExecutorLoop-1-7] INFO  io.lettuce.core.protocol.ConnectionWatchdog - Reconnecting, last destination was localhost/127.0.0.1:6379
2023-04-25 15:38:18.737 [lettuce-eventExecutorLoop-1-3] INFO  io.lettuce.core.protocol.ConnectionWatchdog - Reconnecting, last destination was localhost/<unresolved>:6379
2023-04-25 15:38:26.938 [lettuce-eventExecutorLoop-1-4] INFO  io.lettuce.core.protocol.ConnectionWatchdog - Reconnecting, last destination was localhost/<unresolved>:6379
2023-04-25 15:38:29.373 [SpringApplicationShutdownHook] INFO  com.zaxxer.hikari.HikariDataSource - MakuHikariCP - Shutdown initiated...
2023-04-25 15:38:29.378 [SpringApplicationShutdownHook] INFO  com.zaxxer.hikari.HikariDataSource - MakuHikariCP - Shutdown completed.
2023-04-25 15:43:37.754 [background-preinit] INFO  org.hibernate.validator.internal.util.Version - HV000001: Hibernate Validator 8.0.0.Final
2023-04-25 15:43:37.798 [main] INFO  top.whf.ServerApplication - Starting ServerApplication using Java 17.0.1 with PID 2052 (D:\Github\api-boot\api-server\target\classes started by 26570 in D:\Github\api-boot)
2023-04-25 15:43:37.800 [main] INFO  top.whf.ServerApplication - The following 1 profile is active: "dev"
2023-04-25 15:43:38.756 [main] INFO  o.s.d.r.config.RepositoryConfigurationDelegate - Multiple Spring Data modules found, entering strict repository configuration mode
2023-04-25 15:43:38.759 [main] INFO  o.s.d.r.config.RepositoryConfigurationDelegate - Bootstrapping Spring Data Redis repositories in DEFAULT mode.
2023-04-25 15:43:38.807 [main] INFO  o.s.d.r.config.RepositoryConfigurationDelegate - Finished Spring Data repository scanning in 34 ms. Found 0 Redis repository interfaces.
2023-04-25 15:43:39.473 [main] INFO  o.s.boot.web.embedded.tomcat.TomcatWebServer - Tomcat initialized with port(s): 8080 (http)
2023-04-25 15:43:39.473 [main] INFO  org.apache.catalina.core.AprLifecycleListener - An older version [1.2.35] of the Apache Tomcat Native library is installed, while Tomcat recommends a minimum version of [2.0.1]
2023-04-25 15:43:39.474 [main] INFO  org.apache.catalina.core.AprLifecycleListener - Loaded Apache Tomcat Native library [1.2.35] using APR version [1.7.0].
2023-04-25 15:43:39.489 [main] INFO  org.apache.catalina.core.AprLifecycleListener - OpenSSL successfully initialized [OpenSSL 1.1.1q  5 Jul 2022]
2023-04-25 15:43:39.522 [main] INFO  org.apache.coyote.http11.Http11NioProtocol - Initializing ProtocolHandler ["http-nio-8080"]
2023-04-25 15:43:39.524 [main] INFO  org.apache.catalina.core.StandardService - Starting service [Tomcat]
2023-04-25 15:43:39.524 [main] INFO  org.apache.catalina.core.StandardEngine - Starting Servlet engine: [Apache Tomcat/10.1.7]
2023-04-25 15:43:39.623 [main] INFO  o.a.c.core.ContainerBase.[Tomcat].[localhost].[/] - Initializing Spring embedded WebApplicationContext
2023-04-25 15:43:39.624 [main] INFO  o.s.b.w.s.c.ServletWebServerApplicationContext - Root WebApplicationContext: initialization completed in 1785 ms
2023-04-25 15:43:42.469 [main] INFO  o.s.security.web.DefaultSecurityFilterChain - Will secure any request with [org.springframework.security.web.session.DisableEncodeUrlFilter@45abbd24, org.springframework.security.web.context.request.async.WebAsyncManagerIntegrationFilter@1e32037d, org.springframework.security.web.context.SecurityContextHolderFilter@5e1a7d3, org.springframework.security.web.header.HeaderWriterFilter@5906ebfb, org.springframework.security.web.authentication.logout.LogoutFilter@77b22b05, top.whf.security.filter.AuthenticationTokenFilter@10b67f54, org.springframework.security.web.savedrequest.RequestCacheAwareFilter@248d2cec, org.springframework.security.web.servletapi.SecurityContextHolderAwareRequestFilter@5d77be8e, org.springframework.security.web.authentication.AnonymousAuthenticationFilter@5059d398, org.springframework.security.web.session.SessionManagementFilter@6b5e1fc5, org.springframework.security.web.access.ExceptionTranslationFilter@591a4d25, org.springframework.security.web.access.intercept.AuthorizationFilter@6e66b498]
2023-04-25 15:43:43.041 [main] INFO  org.apache.coyote.http11.Http11NioProtocol - Starting ProtocolHandler ["http-nio-8080"]
2023-04-25 15:43:43.064 [main] INFO  o.s.boot.web.embedded.tomcat.TomcatWebServer - Tomcat started on port(s): 8080 (http) with context path ''
2023-04-25 15:43:43.073 [main] INFO  top.whf.ServerApplication - Started ServerApplication in 5.771 seconds (process running for 7.015)
2023-04-25 15:44:12.831 [http-nio-8080-exec-1] INFO  o.a.c.core.ContainerBase.[Tomcat].[localhost].[/] - Initializing Spring DispatcherServlet 'dispatcherServlet'
2023-04-25 15:44:12.832 [http-nio-8080-exec-1] INFO  org.springframework.web.servlet.DispatcherServlet - Initializing Servlet 'dispatcherServlet'
2023-04-25 15:44:12.834 [http-nio-8080-exec-1] INFO  org.springframework.web.servlet.DispatcherServlet - Completed initialization in 2 ms
2023-04-25 15:52:56.407 [http-nio-8080-exec-29] INFO  com.zaxxer.hikari.HikariDataSource - MakuHikariCP - Starting...
2023-04-25 15:52:57.345 [http-nio-8080-exec-29] INFO  com.zaxxer.hikari.pool.HikariPool - MakuHikariCP - Added connection com.mysql.cj.jdbc.ConnectionImpl@414af302
2023-04-25 15:52:57.349 [http-nio-8080-exec-29] INFO  com.zaxxer.hikari.HikariDataSource - MakuHikariCP - Start completed.
2023-04-25 16:25:11.713 [SpringApplicationShutdownHook] INFO  com.zaxxer.hikari.HikariDataSource - MakuHikariCP - Shutdown initiated...
2023-04-25 16:25:11.717 [SpringApplicationShutdownHook] INFO  com.zaxxer.hikari.HikariDataSource - MakuHikariCP - Shutdown completed.
2023-04-25 16:25:18.350 [background-preinit] INFO  org.hibernate.validator.internal.util.Version - HV000001: Hibernate Validator 8.0.0.Final
2023-04-25 16:25:18.389 [main] INFO  top.whf.ServerApplication - Starting ServerApplication using Java 17.0.1 with PID 23528 (D:\Github\api-boot\api-server\target\classes started by 26570 in D:\Github\api-boot)
2023-04-25 16:25:18.390 [main] INFO  top.whf.ServerApplication - The following 1 profile is active: "dev"
2023-04-25 16:25:19.178 [main] INFO  o.s.d.r.config.RepositoryConfigurationDelegate - Multiple Spring Data modules found, entering strict repository configuration mode
2023-04-25 16:25:19.181 [main] INFO  o.s.d.r.config.RepositoryConfigurationDelegate - Bootstrapping Spring Data Redis repositories in DEFAULT mode.
2023-04-25 16:25:19.217 [main] INFO  o.s.d.r.config.RepositoryConfigurationDelegate - Finished Spring Data repository scanning in 23 ms. Found 0 Redis repository interfaces.
2023-04-25 16:25:19.862 [main] INFO  o.s.boot.web.embedded.tomcat.TomcatWebServer - Tomcat initialized with port(s): 8080 (http)
2023-04-25 16:25:19.863 [main] INFO  org.apache.catalina.core.AprLifecycleListener - An older version [1.2.35] of the Apache Tomcat Native library is installed, while Tomcat recommends a minimum version of [2.0.1]
2023-04-25 16:25:19.863 [main] INFO  org.apache.catalina.core.AprLifecycleListener - Loaded Apache Tomcat Native library [1.2.35] using APR version [1.7.0].
2023-04-25 16:25:19.866 [main] INFO  org.apache.catalina.core.AprLifecycleListener - OpenSSL successfully initialized [OpenSSL 1.1.1q  5 Jul 2022]
2023-04-25 16:25:19.874 [main] INFO  org.apache.coyote.http11.Http11NioProtocol - Initializing ProtocolHandler ["http-nio-8080"]
2023-04-25 16:25:19.875 [main] INFO  org.apache.catalina.core.StandardService - Starting service [Tomcat]
2023-04-25 16:25:19.875 [main] INFO  org.apache.catalina.core.StandardEngine - Starting Servlet engine: [Apache Tomcat/10.1.7]
2023-04-25 16:25:19.968 [main] INFO  o.a.c.core.ContainerBase.[Tomcat].[localhost].[/] - Initializing Spring embedded WebApplicationContext
2023-04-25 16:25:19.969 [main] INFO  o.s.b.w.s.c.ServletWebServerApplicationContext - Root WebApplicationContext: initialization completed in 1542 ms
2023-04-25 16:25:22.287 [main] INFO  o.s.security.web.DefaultSecurityFilterChain - Will secure any request with [org.springframework.security.web.session.DisableEncodeUrlFilter@43df1377, org.springframework.security.web.context.request.async.WebAsyncManagerIntegrationFilter@1cee3e05, org.springframework.security.web.context.SecurityContextHolderFilter@4fef5792, org.springframework.security.web.header.HeaderWriterFilter@7f3e9acc, org.springframework.security.web.authentication.logout.LogoutFilter@20afd96f, top.whf.security.filter.AuthenticationTokenFilter@1109730f, org.springframework.security.web.savedrequest.RequestCacheAwareFilter@39004e4f, org.springframework.security.web.servletapi.SecurityContextHolderAwareRequestFilter@5f0ca069, org.springframework.security.web.authentication.AnonymousAuthenticationFilter@63f2d024, org.springframework.security.web.session.SessionManagementFilter@5d68be4f, org.springframework.security.web.access.ExceptionTranslationFilter@60861e5d, org.springframework.security.web.access.intercept.AuthorizationFilter@5db04bd2]
2023-04-25 16:25:22.646 [main] INFO  org.apache.coyote.http11.Http11NioProtocol - Starting ProtocolHandler ["http-nio-8080"]
2023-04-25 16:25:22.666 [main] INFO  o.s.boot.web.embedded.tomcat.TomcatWebServer - Tomcat started on port(s): 8080 (http) with context path ''
2023-04-25 16:25:22.675 [main] INFO  top.whf.ServerApplication - Started ServerApplication in 4.676 seconds (process running for 5.96)
2023-04-25 16:25:35.682 [http-nio-8080-exec-1] INFO  o.a.c.core.ContainerBase.[Tomcat].[localhost].[/] - Initializing Spring DispatcherServlet 'dispatcherServlet'
2023-04-25 16:25:35.682 [http-nio-8080-exec-1] INFO  org.springframework.web.servlet.DispatcherServlet - Initializing Servlet 'dispatcherServlet'
2023-04-25 16:25:35.684 [http-nio-8080-exec-1] INFO  org.springframework.web.servlet.DispatcherServlet - Completed initialization in 2 ms
2023-04-25 16:25:36.003 [http-nio-8080-exec-7] INFO  com.zaxxer.hikari.HikariDataSource - MakuHikariCP - Starting...
2023-04-25 16:25:36.325 [http-nio-8080-exec-7] INFO  com.zaxxer.hikari.pool.HikariPool - MakuHikariCP - Added connection com.mysql.cj.jdbc.ConnectionImpl@5ee77058
2023-04-25 16:25:36.327 [http-nio-8080-exec-7] INFO  com.zaxxer.hikari.HikariDataSource - MakuHikariCP - Start completed.
2023-04-25 17:11:15.230 [SpringApplicationShutdownHook] INFO  com.zaxxer.hikari.HikariDataSource - MakuHikariCP - Shutdown initiated...
2023-04-25 17:11:15.236 [SpringApplicationShutdownHook] INFO  com.zaxxer.hikari.HikariDataSource - MakuHikariCP - Shutdown completed.
2023-04-25 19:52:48.269 [background-preinit] INFO  org.hibernate.validator.internal.util.Version - HV000001: Hibernate Validator 8.0.0.Final
2023-04-25 19:52:48.353 [main] INFO  top.whf.ServerApplication - Starting ServerApplication using Java 17.0.1 with PID 12472 (D:\Github\api-boot\api-server\target\classes started by 26570 in D:\Github\api-boot)
2023-04-25 19:52:48.355 [main] INFO  top.whf.ServerApplication - The following 1 profile is active: "dev"
2023-04-25 19:52:50.898 [main] INFO  o.s.d.r.config.RepositoryConfigurationDelegate - Multiple Spring Data modules found, entering strict repository configuration mode
2023-04-25 19:52:50.903 [main] INFO  o.s.d.r.config.RepositoryConfigurationDelegate - Bootstrapping Spring Data Redis repositories in DEFAULT mode.
2023-04-25 19:52:51.064 [main] INFO  o.s.d.r.config.RepositoryConfigurationDelegate - Finished Spring Data repository scanning in 115 ms. Found 0 Redis repository interfaces.
2023-04-25 19:52:53.093 [main] INFO  o.s.boot.web.embedded.tomcat.TomcatWebServer - Tomcat initialized with port(s): 8080 (http)
2023-04-25 19:52:53.099 [main] INFO  org.apache.catalina.core.AprLifecycleListener - An older version [1.2.35] of the Apache Tomcat Native library is installed, while Tomcat recommends a minimum version of [2.0.1]
2023-04-25 19:52:53.101 [main] INFO  org.apache.catalina.core.AprLifecycleListener - Loaded Apache Tomcat Native library [1.2.35] using APR version [1.7.0].
2023-04-25 19:52:53.115 [main] INFO  org.apache.catalina.core.AprLifecycleListener - OpenSSL successfully initialized [OpenSSL 1.1.1q  5 Jul 2022]
2023-04-25 19:52:53.132 [main] INFO  org.apache.coyote.http11.Http11NioProtocol - Initializing ProtocolHandler ["http-nio-8080"]
2023-04-25 19:52:53.133 [main] INFO  org.apache.catalina.core.StandardService - Starting service [Tomcat]
2023-04-25 19:52:53.133 [main] INFO  org.apache.catalina.core.StandardEngine - Starting Servlet engine: [Apache Tomcat/10.1.7]
2023-04-25 19:52:53.333 [main] INFO  o.a.c.core.ContainerBase.[Tomcat].[localhost].[/] - Initializing Spring embedded WebApplicationContext
2023-04-25 19:52:53.335 [main] INFO  o.s.b.w.s.c.ServletWebServerApplicationContext - Root WebApplicationContext: initialization completed in 4894 ms
2023-04-25 19:52:59.441 [main] INFO  o.s.security.web.DefaultSecurityFilterChain - Will secure any request with [org.springframework.security.web.session.DisableEncodeUrlFilter@72d0196d, org.springframework.security.web.context.request.async.WebAsyncManagerIntegrationFilter@77cf329d, org.springframework.security.web.context.SecurityContextHolderFilter@60861e5d, org.springframework.security.web.header.HeaderWriterFilter@5e1a7d3, org.springframework.security.web.authentication.logout.LogoutFilter@4de93edd, top.whf.security.filter.AuthenticationTokenFilter@40bf0e15, org.springframework.security.web.savedrequest.RequestCacheAwareFilter@7f3e9acc, org.springframework.security.web.servletapi.SecurityContextHolderAwareRequestFilter@47d4e28a, org.springframework.security.web.authentication.AnonymousAuthenticationFilter@4067634b, org.springframework.security.web.session.SessionManagementFilter@e7b3e54, org.springframework.security.web.access.ExceptionTranslationFilter@47ffa248, org.springframework.security.web.access.intercept.AuthorizationFilter@35260785]
2023-04-25 19:53:00.440 [main] INFO  org.apache.coyote.http11.Http11NioProtocol - Starting ProtocolHandler ["http-nio-8080"]
2023-04-25 19:53:00.512 [main] INFO  o.s.boot.web.embedded.tomcat.TomcatWebServer - Tomcat started on port(s): 8080 (http) with context path ''
2023-04-25 19:53:00.545 [main] INFO  top.whf.ServerApplication - Started ServerApplication in 13.113 seconds (process running for 14.789)
2023-04-25 19:54:18.659 [http-nio-8080-exec-3] INFO  o.a.c.core.ContainerBase.[Tomcat].[localhost].[/] - Initializing Spring DispatcherServlet 'dispatcherServlet'
2023-04-25 19:54:18.659 [http-nio-8080-exec-3] INFO  org.springframework.web.servlet.DispatcherServlet - Initializing Servlet 'dispatcherServlet'
2023-04-25 19:54:18.660 [http-nio-8080-exec-3] INFO  org.springframework.web.servlet.DispatcherServlet - Completed initialization in 1 ms
2023-04-25 19:54:19.094 [http-nio-8080-exec-4] INFO  com.zaxxer.hikari.HikariDataSource - MakuHikariCP - Starting...
2023-04-25 19:54:19.565 [http-nio-8080-exec-4] INFO  com.zaxxer.hikari.pool.HikariPool - MakuHikariCP - Added connection com.mysql.cj.jdbc.ConnectionImpl@118254fc
2023-04-25 19:54:19.568 [http-nio-8080-exec-4] INFO  com.zaxxer.hikari.HikariDataSource - MakuHikariCP - Start completed.
2023-04-25 21:38:11.963 [lettuce-nioEventLoop-4-1] INFO  io.lettuce.core.protocol.CommandHandler - null Unexpected exception during request: java.net.SocketException: Connection reset
java.net.SocketException: Connection reset
	at java.base/sun.nio.ch.SocketChannelImpl.throwConnectionReset(SocketChannelImpl.java:394)
	at java.base/sun.nio.ch.SocketChannelImpl.read(SocketChannelImpl.java:426)
	at io.netty.buffer.PooledByteBuf.setBytes(PooledByteBuf.java:256)
	at io.netty.buffer.AbstractByteBuf.writeBytes(AbstractByteBuf.java:1132)
	at io.netty.channel.socket.nio.NioSocketChannel.doReadBytes(NioSocketChannel.java:357)
	at io.netty.channel.nio.AbstractNioByteChannel$NioByteUnsafe.read(AbstractNioByteChannel.java:151)
	at io.netty.channel.nio.NioEventLoop.processSelectedKey(NioEventLoop.java:788)
	at io.netty.channel.nio.NioEventLoop.processSelectedKeysOptimized(NioEventLoop.java:724)
	at io.netty.channel.nio.NioEventLoop.processSelectedKeys(NioEventLoop.java:650)
	at io.netty.channel.nio.NioEventLoop.run(NioEventLoop.java:562)
	at io.netty.util.concurrent.SingleThreadEventExecutor$4.run(SingleThreadEventExecutor.java:997)
	at io.netty.util.internal.ThreadExecutorMap$2.run(ThreadExecutorMap.java:74)
	at io.netty.util.concurrent.FastThreadLocalRunnable.run(FastThreadLocalRunnable.java:30)
	at java.base/java.lang.Thread.run(Thread.java:833)
2023-04-25 21:38:12.309 [lettuce-eventExecutorLoop-1-7] INFO  io.lettuce.core.protocol.ConnectionWatchdog - Reconnecting, last destination was localhost/127.0.0.1:6379
2023-04-25 21:38:20.043 [SpringApplicationShutdownHook] INFO  com.zaxxer.hikari.HikariDataSource - MakuHikariCP - Shutdown initiated...
2023-04-25 21:38:20.051 [SpringApplicationShutdownHook] INFO  com.zaxxer.hikari.HikariDataSource - MakuHikariCP - Shutdown completed.
