2023-05-01 11:23:03.720 [http-nio-8080-exec-8] WARN  c.b.m.e.plugins.inner.PaginationInnerInterceptor - optimize this sql to a count sql has exception, sql:"SELECT t1.*
        FROM sys_user t1 WHERE t1.super_admin = 0 AND t1.deleted = 0
         
            AND t1.username = LIKE CONCAT('%',?,'%')", exception:
net.sf.jsqlparser.parser.ParseException: Encountered unexpected token: "=" "="
    at line 4, column 29.

Was expecting one of:

    "&"
    "::"
    ";"
    "<<"
    ">>"
    "COLLATE"
    "CONNECT"
    "EMIT"
    "GROUP"
    "HAVING"
    "START"
    "["
    "^"
    "|"
    <EOF>

2023-05-01 12:09:47.283 [http-nio-8080-exec-20] WARN  c.b.m.core.toolkit.support.ReflectLambdaMeta - Unable to make field private final java.lang.Class java.lang.invoke.SerializedLambda.capturingClass accessible: module java.base does not "opens java.lang.invoke" to unnamed module @40a4337a
2023-05-01 13:24:27.009 [http-nio-8080-exec-2] WARN  top.whf.rbac.service.impl.SysUserServiceImpl - SqlSession [org.apache.ibatis.session.defaults.DefaultSqlSession@32be921d] Transaction not enabled
2023-05-01 15:05:24.212 [http-nio-8080-exec-20] WARN  c.b.m.core.toolkit.support.ReflectLambdaMeta - Unable to make field private final java.lang.Class java.lang.invoke.SerializedLambda.capturingClass accessible: module java.base does not "opens java.lang.invoke" to unnamed module @40a4337a
